2018-12-09 23:35:09,863 - INFO - Starting script...
2018-12-09 23:35:09,863 - INFO - Loading data from C:/Users/huebo/Blindr/input/example_data.xlsx
2018-12-09 23:35:09,894 - INFO - Loading succuessful!
2018-12-09 23:35:09,894 - INFO - 
2018-12-09 23:35:09,894 - INFO - Preprocessing data
2018-12-09 23:35:09,910 - INFO - 
 Found features:
2018-12-09 23:35:09,910 - INFO -      Numerical feature: Weight
2018-12-09 23:35:09,910 - INFO -      Numerical feature: Activity
2018-12-09 23:35:09,910 - INFO -      Numerical feature: Signal strength
2018-12-09 23:35:09,910 - INFO -      Categorical feature: Actogram
2018-12-09 23:35:09,910 - INFO -          Unique values: 3
2018-12-09 23:35:09,910 - INFO - OK              26
Low activity     3
High             2
Name: Actogram, dtype: int64
2018-12-09 23:35:09,910 - INFO - Numerizing category: OK
2018-12-09 23:35:09,910 - INFO - Numerizing category: Low activity
2018-12-09 23:35:09,910 - INFO - Numerizing category: High
2018-12-09 23:35:09,925 - INFO - Preprocessing complete
2018-12-09 23:35:09,925 - INFO - 
2018-12-09 23:35:09,925 - INFO - Plotting data
2018-12-09 23:35:10,378 - INFO - saving plot as C:/Users/huebo/Blindr/input/example_data_blinded/09-12-18_23-35-09/example_data_features.png
2018-12-09 23:35:10,378 - INFO - 
2018-12-09 23:35:10,378 - INFO - Standardscaling data
2018-12-09 23:35:10,378 - INFO - standard scaling (1 of 6): Weight
2018-12-09 23:35:10,378 - INFO - standard scaling (2 of 6): Activity
2018-12-09 23:35:10,378 - INFO - standard scaling (3 of 6): Signal strength
2018-12-09 23:35:10,378 - INFO - standard scaling (4 of 6): OK
2018-12-09 23:35:10,378 - INFO - standard scaling (5 of 6): Low activity
2018-12-09 23:35:10,378 - INFO - standard scaling (6 of 6): High
2018-12-09 23:35:10,378 - INFO - Standardscaling complete!
2018-12-09 23:35:10,378 - INFO - 
2018-12-09 23:35:10,378 - INFO - Creating animals
2018-12-09 23:35:10,394 - INFO - created animal with ID: PH22531
2018-12-09 23:35:10,394 - INFO - created animal with ID: PH22532
2018-12-09 23:35:10,394 - INFO - created animal with ID: PH22533
2018-12-09 23:35:10,394 - INFO - created animal with ID: PH22534
2018-12-09 23:35:10,394 - INFO - created animal with ID: PH22535
2018-12-09 23:35:10,394 - INFO - created animal with ID: PH22536
2018-12-09 23:35:10,394 - INFO - created animal with ID: PH22537
2018-12-09 23:35:10,394 - INFO - created animal with ID: PH22538
2018-12-09 23:35:10,394 - INFO - created animal with ID: PH22539
2018-12-09 23:35:10,410 - INFO - created animal with ID: PH22540
2018-12-09 23:35:10,410 - INFO - created animal with ID: PH22541
2018-12-09 23:35:10,410 - INFO - created animal with ID: PH22542
2018-12-09 23:35:10,410 - INFO - created animal with ID: PH22543
2018-12-09 23:35:10,410 - INFO - created animal with ID: PH22544
2018-12-09 23:35:10,410 - INFO - created animal with ID: PH22545
2018-12-09 23:35:10,410 - INFO - created animal with ID: PH22546
2018-12-09 23:35:10,410 - INFO - created animal with ID: PH22547
2018-12-09 23:35:10,410 - INFO - created animal with ID: PH22548
2018-12-09 23:35:10,410 - INFO - created animal with ID: PH22549
2018-12-09 23:35:10,410 - INFO - created animal with ID: PH22550
2018-12-09 23:35:10,425 - INFO - created animal with ID: PH22551
2018-12-09 23:35:10,425 - INFO - created animal with ID: PH22552
2018-12-09 23:35:10,425 - INFO - created animal with ID: PH22553
2018-12-09 23:35:10,425 - INFO - created animal with ID: PH22554
2018-12-09 23:35:10,425 - INFO - created animal with ID: PH22555
2018-12-09 23:35:10,425 - INFO - created animal with ID: PH22556
2018-12-09 23:35:10,425 - INFO - created animal with ID: PH22557
2018-12-09 23:35:10,425 - INFO - created animal with ID: PH22558
2018-12-09 23:35:10,425 - INFO - created animal with ID: PH22559
2018-12-09 23:35:10,425 - INFO - created animal with ID: PH22560
2018-12-09 23:35:10,441 - INFO - created animal with ID: PH22561
2018-12-09 23:35:10,441 - INFO - Created 31 animals
2018-12-09 23:35:10,441 - INFO - 
2018-12-09 23:35:10,441 - INFO - Creating groups
2018-12-09 23:35:10,441 - INFO - created group with ID: 1
2018-12-09 23:35:10,441 - INFO - created group with ID: 2
2018-12-09 23:35:10,441 - INFO - Created 2 groups
2018-12-09 23:35:10,441 - INFO - 
2018-12-09 23:35:10,441 - INFO - Assigning animals to groups
2018-12-09 23:35:10,441 - INFO - assigned animal PH22545 to group 1
2018-12-09 23:35:10,441 - INFO - assigned animal PH22541 to group 1
2018-12-09 23:35:10,441 - INFO - assigned animal PH22560 to group 1
2018-12-09 23:35:10,441 - INFO - assigned animal PH22543 to group 2
2018-12-09 23:35:10,441 - INFO - assigned animal PH22537 to group 2
2018-12-09 23:35:10,441 - INFO - assigned animal PH22538 to group 2
2018-12-09 23:35:10,441 - INFO - assigned animal PH22556 to group 1
2018-12-09 23:35:10,456 - INFO - assigned animal PH22540 to group 2
2018-12-09 23:35:10,456 - INFO - assigned animal PH22546 to group 2
2018-12-09 23:35:10,456 - INFO - assigned animal PH22550 to group 2
2018-12-09 23:35:10,456 - INFO - assigned animal PH22539 to group 1
2018-12-09 23:35:10,456 - INFO - assigned animal PH22533 to group 2
2018-12-09 23:35:10,456 - INFO - assigned animal PH22551 to group 1
2018-12-09 23:35:10,456 - INFO - assigned animal PH22555 to group 2
2018-12-09 23:35:10,456 - INFO - assigned animal PH22554 to group 2
2018-12-09 23:35:10,456 - INFO - assigned animal PH22549 to group 2
2018-12-09 23:35:10,456 - INFO - assigned animal PH22552 to group 1
2018-12-09 23:35:10,456 - INFO - assigned animal PH22536 to group 1
2018-12-09 23:35:10,472 - INFO - assigned animal PH22534 to group 2
2018-12-09 23:35:10,472 - INFO - assigned animal PH22548 to group 1
2018-12-09 23:35:10,472 - INFO - assigned animal PH22542 to group 2
2018-12-09 23:35:10,472 - INFO - assigned animal PH22553 to group 2
2018-12-09 23:35:10,472 - INFO - assigned animal PH22532 to group 1
2018-12-09 23:35:10,472 - INFO - assigned animal PH22557 to group 2
2018-12-09 23:35:10,472 - INFO - assigned animal PH22558 to group 2
2018-12-09 23:35:10,472 - INFO - assigned animal PH22535 to group 1
2018-12-09 23:35:10,472 - INFO - assigned animal PH22531 to group 2
2018-12-09 23:35:10,472 - INFO - assigned animal PH22547 to group 1
2018-12-09 23:35:10,472 - INFO - assigned animal PH22559 to group 2
2018-12-09 23:35:10,472 - INFO - assigned animal PH22561 to group 2
2018-12-09 23:35:10,472 - INFO - assigned animal PH22544 to group 2
2018-12-09 23:35:10,472 - INFO - Initial assignment complete!
2018-12-09 23:35:10,472 - INFO - 
2018-12-09 23:35:10,472 - INFO - Equalizing group sizes
2018-12-09 23:35:10,472 - INFO - 
2018-12-09 23:35:10,472 - INFO - Group ID: 1
2018-12-09 23:35:10,472 - INFO - Group size: 12
2018-12-09 23:35:10,472 - INFO - mean feature difference between group 1 and 2: 0.901
2018-12-09 23:35:10,472 - INFO - 
2018-12-09 23:35:10,472 - INFO - Group ID: 2
2018-12-09 23:35:10,472 - INFO - Group size: 19
2018-12-09 23:35:10,472 - INFO - mean feature difference between group 2 and 1: 0.901
2018-12-09 23:35:10,472 - INFO - mean difference: 0.901
2018-12-09 23:35:10,472 - INFO - largest group: 2
2018-12-09 23:35:10,472 - INFO - smallest group 1:
2018-12-09 23:35:10,472 - INFO - Group sizes are not balanced!
2018-12-09 23:35:10,472 - INFO - checking for best animal to reassign
2018-12-09 23:35:10,472 - INFO - 
2018-12-09 23:35:10,472 - INFO - removed animal PH22543 from group 2
2018-12-09 23:35:10,472 - INFO - assigned animal PH22543 to group 1
2018-12-09 23:35:10,472 - INFO - removed animal PH22543 from group 1
2018-12-09 23:35:10,488 - INFO - assigned animal PH22543 to group 2
2018-12-09 23:35:10,488 - INFO - 
2018-12-09 23:35:10,488 - INFO - removed animal PH22538 from group 2
2018-12-09 23:35:10,488 - INFO - assigned animal PH22538 to group 1
2018-12-09 23:35:10,488 - INFO - removed animal PH22538 from group 1
2018-12-09 23:35:10,488 - INFO - assigned animal PH22538 to group 2
2018-12-09 23:35:10,488 - INFO - 
2018-12-09 23:35:10,488 - INFO - removed animal PH22546 from group 2
2018-12-09 23:35:10,488 - INFO - assigned animal PH22546 to group 1
2018-12-09 23:35:10,488 - INFO - removed animal PH22546 from group 1
2018-12-09 23:35:10,488 - INFO - assigned animal PH22546 to group 2
2018-12-09 23:35:10,488 - INFO - 
2018-12-09 23:35:10,488 - INFO - removed animal PH22533 from group 2
2018-12-09 23:35:10,488 - INFO - assigned animal PH22533 to group 1
2018-12-09 23:35:10,488 - INFO - removed animal PH22533 from group 1
2018-12-09 23:35:10,488 - INFO - assigned animal PH22533 to group 2
2018-12-09 23:35:10,488 - INFO - 
2018-12-09 23:35:10,488 - INFO - removed animal PH22554 from group 2
2018-12-09 23:35:10,488 - INFO - assigned animal PH22554 to group 1
2018-12-09 23:35:10,488 - INFO - removed animal PH22554 from group 1
2018-12-09 23:35:10,488 - INFO - assigned animal PH22554 to group 2
2018-12-09 23:35:10,488 - INFO - 
2018-12-09 23:35:10,488 - INFO - removed animal PH22534 from group 2
2018-12-09 23:35:10,488 - INFO - assigned animal PH22534 to group 1
2018-12-09 23:35:10,488 - INFO - removed animal PH22534 from group 1
2018-12-09 23:35:10,488 - INFO - assigned animal PH22534 to group 2
2018-12-09 23:35:10,488 - INFO - 
2018-12-09 23:35:10,488 - INFO - removed animal PH22553 from group 2
2018-12-09 23:35:10,488 - INFO - assigned animal PH22553 to group 1
2018-12-09 23:35:10,488 - INFO - removed animal PH22553 from group 1
2018-12-09 23:35:10,488 - INFO - assigned animal PH22553 to group 2
2018-12-09 23:35:10,488 - INFO - 
2018-12-09 23:35:10,488 - INFO - removed animal PH22558 from group 2
2018-12-09 23:35:10,488 - INFO - assigned animal PH22558 to group 1
2018-12-09 23:35:10,488 - INFO - removed animal PH22558 from group 1
2018-12-09 23:35:10,488 - INFO - assigned animal PH22558 to group 2
2018-12-09 23:35:10,488 - INFO - 
2018-12-09 23:35:10,488 - INFO - removed animal PH22559 from group 2
2018-12-09 23:35:10,503 - INFO - assigned animal PH22559 to group 1
2018-12-09 23:35:10,503 - INFO - removed animal PH22559 from group 1
2018-12-09 23:35:10,503 - INFO - assigned animal PH22559 to group 2
2018-12-09 23:35:10,503 - INFO - 
2018-12-09 23:35:10,503 - INFO - removed animal PH22544 from group 2
2018-12-09 23:35:10,503 - INFO - assigned animal PH22544 to group 1
2018-12-09 23:35:10,503 - INFO - removed animal PH22544 from group 1
2018-12-09 23:35:10,503 - INFO - assigned animal PH22544 to group 2
2018-12-09 23:35:10,503 - INFO - 
2018-12-09 23:35:10,503 - INFO - removed animal PH22538 from group 2
2018-12-09 23:35:10,503 - INFO - assigned animal PH22538 to group 1
2018-12-09 23:35:10,503 - INFO - removed animal PH22538 from group 1
2018-12-09 23:35:10,503 - INFO - assigned animal PH22538 to group 2
2018-12-09 23:35:10,503 - INFO - 
2018-12-09 23:35:10,503 - INFO - removed animal PH22533 from group 2
2018-12-09 23:35:10,503 - INFO - assigned animal PH22533 to group 1
2018-12-09 23:35:10,503 - INFO - removed animal PH22533 from group 1
2018-12-09 23:35:10,503 - INFO - assigned animal PH22533 to group 2
2018-12-09 23:35:10,503 - INFO - 
2018-12-09 23:35:10,503 - INFO - removed animal PH22534 from group 2
2018-12-09 23:35:10,503 - INFO - assigned animal PH22534 to group 1
2018-12-09 23:35:10,503 - INFO - removed animal PH22534 from group 1
2018-12-09 23:35:10,503 - INFO - assigned animal PH22534 to group 2
2018-12-09 23:35:10,503 - INFO - 
2018-12-09 23:35:10,503 - INFO - removed animal PH22558 from group 2
2018-12-09 23:35:10,519 - INFO - assigned animal PH22558 to group 1
2018-12-09 23:35:10,519 - INFO - removed animal PH22558 from group 1
2018-12-09 23:35:10,519 - INFO - assigned animal PH22558 to group 2
2018-12-09 23:35:10,519 - INFO - 
2018-12-09 23:35:10,519 - INFO - removed animal PH22544 from group 2
2018-12-09 23:35:10,519 - INFO - assigned animal PH22544 to group 1
2018-12-09 23:35:10,519 - INFO - removed animal PH22544 from group 1
2018-12-09 23:35:10,519 - INFO - assigned animal PH22544 to group 2
2018-12-09 23:35:10,519 - INFO - 
2018-12-09 23:35:10,519 - INFO - removed animal PH22533 from group 2
2018-12-09 23:35:10,519 - INFO - assigned animal PH22533 to group 1
2018-12-09 23:35:10,519 - INFO - removed animal PH22533 from group 1
2018-12-09 23:35:10,519 - INFO - assigned animal PH22533 to group 2
2018-12-09 23:35:10,519 - INFO - 
2018-12-09 23:35:10,519 - INFO - removed animal PH22558 from group 2
2018-12-09 23:35:10,519 - INFO - assigned animal PH22558 to group 1
2018-12-09 23:35:10,519 - INFO - removed animal PH22558 from group 1
2018-12-09 23:35:10,519 - INFO - assigned animal PH22558 to group 2
2018-12-09 23:35:10,519 - INFO - 
2018-12-09 23:35:10,519 - INFO - removed animal PH22533 from group 2
2018-12-09 23:35:10,519 - INFO - assigned animal PH22533 to group 1
2018-12-09 23:35:10,519 - INFO - removed animal PH22533 from group 1
2018-12-09 23:35:10,519 - INFO - assigned animal PH22533 to group 2
2018-12-09 23:35:10,519 - INFO - 
2018-12-09 23:35:10,519 - INFO - removed animal PH22533 from group 2
2018-12-09 23:35:10,519 - INFO - assigned animal PH22533 to group 1
2018-12-09 23:35:10,519 - INFO - removed animal PH22533 from group 1
2018-12-09 23:35:10,519 - INFO - assigned animal PH22533 to group 2
2018-12-09 23:35:10,519 - INFO - 
2018-12-09 23:35:10,519 - INFO - best animal to switch is: PH22544 with new mean p = 0.886004
2018-12-09 23:35:10,519 - INFO - removed animal PH22544 from group 2
2018-12-09 23:35:10,519 - INFO - assigned animal PH22544 to group 1
2018-12-09 23:35:10,519 - INFO - 
2018-12-09 23:35:10,519 - INFO - 
2018-12-09 23:35:10,519 - INFO - Group ID: 1
2018-12-09 23:35:10,519 - INFO - Group size: 13
2018-12-09 23:35:10,519 - INFO - 
2018-12-09 23:35:10,519 - INFO - Group ID: 2
2018-12-09 23:35:10,519 - INFO - Group size: 18
2018-12-09 23:35:10,519 - INFO - Group sizes are not balanced!
2018-12-09 23:35:10,519 - INFO - checking for best animal to reassign
2018-12-09 23:35:10,519 - INFO - 
2018-12-09 23:35:10,519 - INFO - removed animal PH22537 from group 2
2018-12-09 23:35:10,535 - INFO - assigned animal PH22537 to group 1
2018-12-09 23:35:10,535 - INFO - removed animal PH22537 from group 1
2018-12-09 23:35:10,535 - INFO - assigned animal PH22537 to group 2
2018-12-09 23:35:10,535 - INFO - 
2018-12-09 23:35:10,535 - INFO - removed animal PH22550 from group 2
2018-12-09 23:35:10,535 - INFO - assigned animal PH22550 to group 1
2018-12-09 23:35:10,535 - INFO - removed animal PH22550 from group 1
2018-12-09 23:35:10,535 - INFO - assigned animal PH22550 to group 2
2018-12-09 23:35:10,535 - INFO - 
2018-12-09 23:35:10,535 - INFO - removed animal PH22549 from group 2
2018-12-09 23:35:10,535 - INFO - assigned animal PH22549 to group 1
2018-12-09 23:35:10,535 - INFO - removed animal PH22549 from group 1
2018-12-09 23:35:10,535 - INFO - assigned animal PH22549 to group 2
2018-12-09 23:35:10,535 - INFO - 
2018-12-09 23:35:10,535 - INFO - removed animal PH22557 from group 2
2018-12-09 23:35:10,535 - INFO - assigned animal PH22557 to group 1
2018-12-09 23:35:10,535 - INFO - removed animal PH22557 from group 1
2018-12-09 23:35:10,535 - INFO - assigned animal PH22557 to group 2
2018-12-09 23:35:10,535 - INFO - 
2018-12-09 23:35:10,535 - INFO - removed animal PH22561 from group 2
2018-12-09 23:35:10,535 - INFO - assigned animal PH22561 to group 1
2018-12-09 23:35:10,535 - INFO - removed animal PH22561 from group 1
2018-12-09 23:35:10,535 - INFO - assigned animal PH22561 to group 2
2018-12-09 23:35:10,535 - INFO - 
2018-12-09 23:35:10,535 - INFO - removed animal PH22546 from group 2
2018-12-09 23:35:10,535 - INFO - assigned animal PH22546 to group 1
2018-12-09 23:35:10,535 - INFO - removed animal PH22546 from group 1
2018-12-09 23:35:10,535 - INFO - assigned animal PH22546 to group 2
2018-12-09 23:35:10,535 - INFO - 
2018-12-09 23:35:10,535 - INFO - removed animal PH22553 from group 2
2018-12-09 23:35:10,535 - INFO - assigned animal PH22553 to group 1
2018-12-09 23:35:10,535 - INFO - removed animal PH22553 from group 1
2018-12-09 23:35:10,535 - INFO - assigned animal PH22553 to group 2
2018-12-09 23:35:10,535 - INFO - 
2018-12-09 23:35:10,535 - INFO - removed animal PH22538 from group 2
2018-12-09 23:35:10,535 - INFO - assigned animal PH22538 to group 1
2018-12-09 23:35:10,535 - INFO - removed animal PH22538 from group 1
2018-12-09 23:35:10,550 - INFO - assigned animal PH22538 to group 2
2018-12-09 23:35:10,550 - INFO - 
2018-12-09 23:35:10,550 - INFO - removed animal PH22558 from group 2
2018-12-09 23:35:10,550 - INFO - assigned animal PH22558 to group 1
2018-12-09 23:35:10,550 - INFO - removed animal PH22558 from group 1
2018-12-09 23:35:10,550 - INFO - assigned animal PH22558 to group 2
2018-12-09 23:35:10,550 - INFO - 
2018-12-09 23:35:10,550 - INFO - removed animal PH22537 from group 2
2018-12-09 23:35:10,550 - INFO - assigned animal PH22537 to group 1
2018-12-09 23:35:10,550 - INFO - removed animal PH22537 from group 1
2018-12-09 23:35:10,550 - INFO - assigned animal PH22537 to group 2
2018-12-09 23:35:10,550 - INFO - 
2018-12-09 23:35:10,550 - INFO - removed animal PH22549 from group 2
2018-12-09 23:35:10,550 - INFO - assigned animal PH22549 to group 1
2018-12-09 23:35:10,550 - INFO - removed animal PH22549 from group 1
2018-12-09 23:35:10,550 - INFO - assigned animal PH22549 to group 2
2018-12-09 23:35:10,550 - INFO - 
2018-12-09 23:35:10,550 - INFO - removed animal PH22561 from group 2
2018-12-09 23:35:10,550 - INFO - assigned animal PH22561 to group 1
2018-12-09 23:35:10,550 - INFO - removed animal PH22561 from group 1
2018-12-09 23:35:10,550 - INFO - assigned animal PH22561 to group 2
2018-12-09 23:35:10,550 - INFO - 
2018-12-09 23:35:10,550 - INFO - removed animal PH22553 from group 2
2018-12-09 23:35:10,550 - INFO - assigned animal PH22553 to group 1
2018-12-09 23:35:10,550 - INFO - removed animal PH22553 from group 1
2018-12-09 23:35:10,550 - INFO - assigned animal PH22553 to group 2
2018-12-09 23:35:10,550 - INFO - 
2018-12-09 23:35:10,550 - INFO - removed animal PH22558 from group 2
2018-12-09 23:35:10,550 - INFO - assigned animal PH22558 to group 1
2018-12-09 23:35:10,550 - INFO - removed animal PH22558 from group 1
2018-12-09 23:35:10,550 - INFO - assigned animal PH22558 to group 2
2018-12-09 23:35:10,550 - INFO - 
2018-12-09 23:35:10,550 - INFO - removed animal PH22549 from group 2
2018-12-09 23:35:10,550 - INFO - assigned animal PH22549 to group 1
2018-12-09 23:35:10,566 - INFO - removed animal PH22549 from group 1
2018-12-09 23:35:10,566 - INFO - assigned animal PH22549 to group 2
2018-12-09 23:35:10,566 - INFO - 
2018-12-09 23:35:10,566 - INFO - removed animal PH22553 from group 2
2018-12-09 23:35:10,566 - INFO - assigned animal PH22553 to group 1
2018-12-09 23:35:10,566 - INFO - removed animal PH22553 from group 1
2018-12-09 23:35:10,566 - INFO - assigned animal PH22553 to group 2
2018-12-09 23:35:10,566 - INFO - 
2018-12-09 23:35:10,566 - INFO - removed animal PH22549 from group 2
2018-12-09 23:35:10,566 - INFO - assigned animal PH22549 to group 1
2018-12-09 23:35:10,566 - INFO - removed animal PH22549 from group 1
2018-12-09 23:35:10,566 - INFO - assigned animal PH22549 to group 2
2018-12-09 23:35:10,566 - INFO - 
2018-12-09 23:35:10,566 - INFO - removed animal PH22549 from group 2
2018-12-09 23:35:10,566 - INFO - assigned animal PH22549 to group 1
2018-12-09 23:35:10,566 - INFO - removed animal PH22549 from group 1
2018-12-09 23:35:10,566 - INFO - assigned animal PH22549 to group 2
2018-12-09 23:35:10,566 - INFO - 
2018-12-09 23:35:10,566 - INFO - best animal to switch is: PH22561 with new mean p = 0.846025
2018-12-09 23:35:10,566 - INFO - removed animal PH22561 from group 2
2018-12-09 23:35:10,566 - INFO - assigned animal PH22561 to group 1
2018-12-09 23:35:10,566 - INFO - 
2018-12-09 23:35:10,566 - INFO - 
2018-12-09 23:35:10,566 - INFO - Group ID: 1
2018-12-09 23:35:10,566 - INFO - Group size: 14
2018-12-09 23:35:10,566 - INFO - 
2018-12-09 23:35:10,566 - INFO - Group ID: 2
2018-12-09 23:35:10,566 - INFO - Group size: 17
2018-12-09 23:35:10,566 - INFO - Group sizes are not balanced!
2018-12-09 23:35:10,566 - INFO - checking for best animal to reassign
2018-12-09 23:35:10,566 - INFO - 
2018-12-09 23:35:10,566 - INFO - removed animal PH22540 from group 2
2018-12-09 23:35:10,566 - INFO - assigned animal PH22540 to group 1
2018-12-09 23:35:10,566 - INFO - removed animal PH22540 from group 1
2018-12-09 23:35:10,566 - INFO - assigned animal PH22540 to group 2
2018-12-09 23:35:10,566 - INFO - 
2018-12-09 23:35:10,566 - INFO - removed animal PH22542 from group 2
2018-12-09 23:35:10,566 - INFO - assigned animal PH22542 to group 1
2018-12-09 23:35:10,566 - INFO - removed animal PH22542 from group 1
2018-12-09 23:35:10,581 - INFO - assigned animal PH22542 to group 2
2018-12-09 23:35:10,581 - INFO - 
2018-12-09 23:35:10,581 - INFO - removed animal PH22543 from group 2
2018-12-09 23:35:10,581 - INFO - assigned animal PH22543 to group 1
2018-12-09 23:35:10,581 - INFO - removed animal PH22543 from group 1
2018-12-09 23:35:10,581 - INFO - assigned animal PH22543 to group 2
2018-12-09 23:35:10,581 - INFO - 
2018-12-09 23:35:10,581 - INFO - removed animal PH22559 from group 2
2018-12-09 23:35:10,581 - INFO - assigned animal PH22559 to group 1
2018-12-09 23:35:10,581 - INFO - removed animal PH22559 from group 1
2018-12-09 23:35:10,581 - INFO - assigned animal PH22559 to group 2
2018-12-09 23:35:10,581 - INFO - 
2018-12-09 23:35:10,581 - INFO - removed animal PH22533 from group 2
2018-12-09 23:35:10,581 - INFO - assigned animal PH22533 to group 1
2018-12-09 23:35:10,581 - INFO - removed animal PH22533 from group 1
2018-12-09 23:35:10,581 - INFO - assigned animal PH22533 to group 2
2018-12-09 23:35:10,581 - INFO - 
2018-12-09 23:35:10,581 - INFO - removed animal PH22557 from group 2
2018-12-09 23:35:10,581 - INFO - assigned animal PH22557 to group 1
2018-12-09 23:35:10,581 - INFO - removed animal PH22557 from group 1
2018-12-09 23:35:10,581 - INFO - assigned animal PH22557 to group 2
2018-12-09 23:35:10,581 - INFO - 
2018-12-09 23:35:10,581 - INFO - removed animal PH22538 from group 2
2018-12-09 23:35:10,581 - INFO - assigned animal PH22538 to group 1
2018-12-09 23:35:10,581 - INFO - removed animal PH22538 from group 1
2018-12-09 23:35:10,581 - INFO - assigned animal PH22538 to group 2
2018-12-09 23:35:10,581 - INFO - 
2018-12-09 23:35:10,581 - INFO - removed animal PH22558 from group 2
2018-12-09 23:35:10,581 - INFO - assigned animal PH22558 to group 1
2018-12-09 23:35:10,581 - INFO - removed animal PH22558 from group 1
2018-12-09 23:35:10,581 - INFO - assigned animal PH22558 to group 2
2018-12-09 23:35:10,581 - INFO - 
2018-12-09 23:35:10,581 - INFO - removed animal PH22549 from group 2
2018-12-09 23:35:10,581 - INFO - assigned animal PH22549 to group 1
2018-12-09 23:35:10,581 - INFO - removed animal PH22549 from group 1
2018-12-09 23:35:10,581 - INFO - assigned animal PH22549 to group 2
2018-12-09 23:35:10,581 - INFO - 
2018-12-09 23:35:10,581 - INFO - removed animal PH22542 from group 2
2018-12-09 23:35:10,581 - INFO - assigned animal PH22542 to group 1
2018-12-09 23:35:10,581 - INFO - removed animal PH22542 from group 1
2018-12-09 23:35:10,597 - INFO - assigned animal PH22542 to group 2
2018-12-09 23:35:10,597 - INFO - 
2018-12-09 23:35:10,597 - INFO - removed animal PH22559 from group 2
2018-12-09 23:35:10,597 - INFO - assigned animal PH22559 to group 1
2018-12-09 23:35:10,597 - INFO - removed animal PH22559 from group 1
2018-12-09 23:35:10,597 - INFO - assigned animal PH22559 to group 2
2018-12-09 23:35:10,597 - INFO - 
2018-12-09 23:35:10,597 - INFO - removed animal PH22557 from group 2
2018-12-09 23:35:10,597 - INFO - assigned animal PH22557 to group 1
2018-12-09 23:35:10,597 - INFO - removed animal PH22557 from group 1
2018-12-09 23:35:10,597 - INFO - assigned animal PH22557 to group 2
2018-12-09 23:35:10,597 - INFO - 
2018-12-09 23:35:10,597 - INFO - removed animal PH22558 from group 2
2018-12-09 23:35:10,597 - INFO - assigned animal PH22558 to group 1
2018-12-09 23:35:10,597 - INFO - removed animal PH22558 from group 1
2018-12-09 23:35:10,597 - INFO - assigned animal PH22558 to group 2
2018-12-09 23:35:10,597 - INFO - 
2018-12-09 23:35:10,597 - INFO - removed animal PH22542 from group 2
2018-12-09 23:35:10,597 - INFO - assigned animal PH22542 to group 1
2018-12-09 23:35:10,597 - INFO - removed animal PH22542 from group 1
2018-12-09 23:35:10,597 - INFO - assigned animal PH22542 to group 2
2018-12-09 23:35:10,597 - INFO - 
2018-12-09 23:35:10,597 - INFO - removed animal PH22557 from group 2
2018-12-09 23:35:10,597 - INFO - assigned animal PH22557 to group 1
2018-12-09 23:35:10,597 - INFO - removed animal PH22557 from group 1
2018-12-09 23:35:10,597 - INFO - assigned animal PH22557 to group 2
2018-12-09 23:35:10,597 - INFO - 
2018-12-09 23:35:10,597 - INFO - removed animal PH22542 from group 2
2018-12-09 23:35:10,597 - INFO - assigned animal PH22542 to group 1
2018-12-09 23:35:10,597 - INFO - removed animal PH22542 from group 1
2018-12-09 23:35:10,597 - INFO - assigned animal PH22542 to group 2
2018-12-09 23:35:10,597 - INFO - 
2018-12-09 23:35:10,597 - INFO - removed animal PH22542 from group 2
2018-12-09 23:35:10,597 - INFO - assigned animal PH22542 to group 1
2018-12-09 23:35:10,597 - INFO - removed animal PH22542 from group 1
2018-12-09 23:35:10,597 - INFO - assigned animal PH22542 to group 2
2018-12-09 23:35:10,597 - INFO - 
2018-12-09 23:35:10,597 - INFO - best animal to switch is: PH22559 with new mean p = 0.802947
2018-12-09 23:35:10,597 - INFO - removed animal PH22559 from group 2
2018-12-09 23:35:10,597 - INFO - assigned animal PH22559 to group 1
2018-12-09 23:35:10,597 - INFO - 
2018-12-09 23:35:10,597 - INFO - 
2018-12-09 23:35:10,597 - INFO - Group ID: 1
2018-12-09 23:35:10,597 - INFO - Group size: 15
2018-12-09 23:35:10,597 - INFO - 
2018-12-09 23:35:10,597 - INFO - Group ID: 2
2018-12-09 23:35:10,613 - INFO - Group size: 16
2018-12-09 23:35:10,613 - INFO - 
2018-12-09 23:35:10,613 - INFO - Group sizes are balanced!
2018-12-09 23:35:10,613 - INFO -      Group 1 contains 15 animals
2018-12-09 23:35:10,613 - INFO - mean feature difference between group 1 and 2: 0.803
2018-12-09 23:35:10,613 - INFO -      Group 2 contains 16 animals
2018-12-09 23:35:10,613 - INFO - mean feature difference between group 2 and 1: 0.803
2018-12-09 23:35:10,613 - INFO - Equalizing group size complete!
2018-12-09 23:35:10,613 - INFO - 
2018-12-09 23:35:10,613 - INFO - Creating output!
2018-12-09 23:35:11,519 - INFO - output created!
2018-12-09 23:35:11,519 - INFO - 
2018-12-09 23:35:11,519 - INFO - Plotting results
2018-12-09 23:35:11,909 - INFO - saving plot as C:/Users/huebo/Blindr/input/example_data_blinded/09-12-18_23-35-09/grouped_example_data.png
2018-12-09 23:35:11,909 - INFO - 
2018-12-09 23:35:11,925 - INFO - Blinding output
2018-12-09 23:35:11,925 - INFO - output blinded!
2018-12-09 23:35:11,925 - INFO - 
2018-12-09 23:35:11,925 - INFO - saving data as C:/Users/huebo/Blindr/input/example_data_blinded/09-12-18_23-35-09/blinded_example_data.xlsx
2018-12-09 23:35:11,972 - INFO - saving succuessful!
2018-12-09 23:35:12,144 - INFO - Exiting script...
