2018-12-09 18:15:47,091 - INFO - Starting script...
2018-12-09 18:15:47,091 - INFO - Loading data from C:\Users\huebo\Blindr\input\example_data.xlsx
2018-12-09 18:15:47,148 - INFO - Loading succuessful!
2018-12-09 18:15:47,148 - INFO - 
2018-12-09 18:15:47,148 - INFO - Preprocessing data
2018-12-09 18:15:47,148 - INFO - 
 Found features:
2018-12-09 18:15:47,148 - INFO -      Numerical feature: Weight
2018-12-09 18:15:47,148 - INFO -      Numerical feature: Activity
2018-12-09 18:15:47,148 - INFO -      Numerical feature: Signal strength
2018-12-09 18:15:47,148 - INFO -      Categorical feature: Actogram
2018-12-09 18:15:47,157 - INFO -          Unique values: 3
2018-12-09 18:15:47,157 - INFO - OK              26
Low activity     3
High             2
Name: Actogram, dtype: int64
2018-12-09 18:15:47,167 - INFO - Numerizing category: OK
2018-12-09 18:15:47,167 - INFO - Numerizing category: Low activity
2018-12-09 18:15:47,167 - INFO - Numerizing category: High
2018-12-09 18:15:47,167 - INFO - Preprocessing complete
2018-12-09 18:15:47,167 - INFO - 
2018-12-09 18:15:47,167 - INFO - Plotting data
2018-12-09 18:15:47,686 - INFO - saving plot as C:\Users\huebo\Blindr\output\09-12-18_18-15-47\data_example_data.png
2018-12-09 18:15:47,686 - INFO - 
2018-12-09 18:15:47,686 - INFO - Standardscaling data
2018-12-09 18:15:47,686 - INFO - standard scaling (1 of 6): Weight
2018-12-09 18:15:47,686 - INFO - standard scaling (2 of 6): Activity
2018-12-09 18:15:47,686 - INFO - standard scaling (3 of 6): Signal strength
2018-12-09 18:15:47,696 - INFO - standard scaling (4 of 6): OK
2018-12-09 18:15:47,696 - INFO - standard scaling (5 of 6): Low activity
2018-12-09 18:15:47,696 - INFO - standard scaling (6 of 6): High
2018-12-09 18:15:47,696 - INFO - Standardscaling complete!
2018-12-09 18:15:47,696 - INFO - 
2018-12-09 18:15:47,696 - INFO - Creating animals
2018-12-09 18:15:47,696 - INFO - created animal with ID: PH22531
2018-12-09 18:15:47,696 - INFO - created animal with ID: PH22532
2018-12-09 18:15:47,696 - INFO - created animal with ID: PH22533
2018-12-09 18:15:47,706 - INFO - created animal with ID: PH22534
2018-12-09 18:15:47,706 - INFO - created animal with ID: PH22535
2018-12-09 18:15:47,706 - INFO - created animal with ID: PH22536
2018-12-09 18:15:47,706 - INFO - created animal with ID: PH22537
2018-12-09 18:15:47,706 - INFO - created animal with ID: PH22538
2018-12-09 18:15:47,716 - INFO - created animal with ID: PH22539
2018-12-09 18:15:47,716 - INFO - created animal with ID: PH22540
2018-12-09 18:15:47,716 - INFO - created animal with ID: PH22541
2018-12-09 18:15:47,716 - INFO - created animal with ID: PH22542
2018-12-09 18:15:47,716 - INFO - created animal with ID: PH22543
2018-12-09 18:15:47,716 - INFO - created animal with ID: PH22544
2018-12-09 18:15:47,726 - INFO - created animal with ID: PH22545
2018-12-09 18:15:47,726 - INFO - created animal with ID: PH22546
2018-12-09 18:15:47,726 - INFO - created animal with ID: PH22547
2018-12-09 18:15:47,726 - INFO - created animal with ID: PH22548
2018-12-09 18:15:47,726 - INFO - created animal with ID: PH22549
2018-12-09 18:15:47,736 - INFO - created animal with ID: PH22550
2018-12-09 18:15:47,736 - INFO - created animal with ID: PH22551
2018-12-09 18:15:47,736 - INFO - created animal with ID: PH22552
2018-12-09 18:15:47,736 - INFO - created animal with ID: PH22553
2018-12-09 18:15:47,736 - INFO - created animal with ID: PH22554
2018-12-09 18:15:47,736 - INFO - created animal with ID: PH22555
2018-12-09 18:15:47,746 - INFO - created animal with ID: PH22556
2018-12-09 18:15:47,750 - INFO - created animal with ID: PH22557
2018-12-09 18:15:47,750 - INFO - created animal with ID: PH22558
2018-12-09 18:15:47,750 - INFO - created animal with ID: PH22559
2018-12-09 18:15:47,756 - INFO - created animal with ID: PH22560
2018-12-09 18:15:47,760 - INFO - created animal with ID: PH22561
2018-12-09 18:15:47,760 - INFO - Created 31 animals
2018-12-09 18:15:47,760 - INFO - 
2018-12-09 18:15:47,760 - INFO - Creating groups
2018-12-09 18:15:47,760 - INFO - created group with ID: 0
2018-12-09 18:15:47,766 - INFO - created group with ID: 1
2018-12-09 18:15:47,766 - INFO - created group with ID: 2
2018-12-09 18:15:47,766 - INFO - Created 3 groups
2018-12-09 18:15:47,766 - INFO - 
2018-12-09 18:15:47,766 - INFO - Assigning animals to groups
2018-12-09 18:15:47,776 - INFO - assigned animal PH22545 to group 0
2018-12-09 18:15:47,776 - INFO - assigned animal PH22541 to group 0
2018-12-09 18:15:47,776 - INFO - assigned animal PH22560 to group 0
2018-12-09 18:15:47,776 - INFO - assigned animal PH22543 to group 1
2018-12-09 18:15:47,776 - INFO - assigned animal PH22537 to group 1
2018-12-09 18:15:47,786 - INFO - assigned animal PH22538 to group 1
2018-12-09 18:15:47,786 - INFO - assigned animal PH22546 to group 2
2018-12-09 18:15:47,786 - INFO - assigned animal PH22539 to group 2
2018-12-09 18:15:47,798 - INFO - assigned animal PH22556 to group 0
2018-12-09 18:15:47,798 - INFO - assigned animal PH22540 to group 1
2018-12-09 18:15:47,798 - INFO - assigned animal PH22533 to group 2
2018-12-09 18:15:47,798 - INFO - assigned animal PH22550 to group 0
2018-12-09 18:15:47,798 - INFO - assigned animal PH22549 to group 1
2018-12-09 18:15:47,808 - INFO - assigned animal PH22551 to group 0
2018-12-09 18:15:47,808 - INFO - assigned animal PH22555 to group 2
2018-12-09 18:15:47,808 - INFO - assigned animal PH22554 to group 1
2018-12-09 18:15:47,808 - INFO - assigned animal PH22552 to group 0
2018-12-09 18:15:47,818 - INFO - assigned animal PH22536 to group 0
2018-12-09 18:15:47,818 - INFO - assigned animal PH22534 to group 1
2018-12-09 18:15:47,818 - INFO - assigned animal PH22542 to group 2
2018-12-09 18:15:47,818 - INFO - assigned animal PH22553 to group 1
2018-12-09 18:15:47,818 - INFO - assigned animal PH22548 to group 0
2018-12-09 18:15:47,818 - INFO - assigned animal PH22532 to group 2
2018-12-09 18:15:47,818 - INFO - assigned animal PH22557 to group 1
2018-12-09 18:15:47,828 - INFO - assigned animal PH22558 to group 1
2018-12-09 18:15:47,828 - INFO - assigned animal PH22535 to group 2
2018-12-09 18:15:47,828 - INFO - assigned animal PH22559 to group 0
2018-12-09 18:15:47,828 - INFO - assigned animal PH22531 to group 1
2018-12-09 18:15:47,828 - INFO - assigned animal PH22547 to group 0
2018-12-09 18:15:47,828 - INFO - assigned animal PH22561 to group 1
2018-12-09 18:15:47,828 - INFO - assigned animal PH22544 to group 0
2018-12-09 18:15:47,828 - INFO - Initial assignment complete!
2018-12-09 18:15:47,828 - INFO - 
2018-12-09 18:15:47,828 - INFO - Equalizing group sizes
2018-12-09 18:15:47,828 - INFO - 
2018-12-09 18:15:47,838 - INFO - Group ID: 0
2018-12-09 18:15:47,838 - INFO - Group size: 12
2018-12-09 18:15:47,838 - INFO - mean feature difference between group 0 and 1: 0.959
2018-12-09 18:15:47,838 - INFO - mean feature difference between group 0 and 2: 0.776
2018-12-09 18:15:47,838 - INFO - 
2018-12-09 18:15:47,838 - INFO - Group ID: 1
2018-12-09 18:15:47,838 - INFO - Group size: 12
2018-12-09 18:15:47,838 - INFO - mean feature difference between group 1 and 0: 0.959
2018-12-09 18:15:47,838 - INFO - mean feature difference between group 1 and 2: 0.786
2018-12-09 18:15:47,848 - INFO - 
2018-12-09 18:15:47,848 - INFO - Group ID: 2
2018-12-09 18:15:47,848 - INFO - Group size: 7
2018-12-09 18:15:47,848 - INFO - mean feature difference between group 2 and 0: 0.776
2018-12-09 18:15:47,848 - INFO - mean feature difference between group 2 and 1: 0.786
2018-12-09 18:15:47,848 - INFO - mean difference: 0.786
2018-12-09 18:15:47,848 - INFO - largest group: 0
2018-12-09 18:15:47,848 - INFO - smallest group 2:
2018-12-09 18:15:47,858 - INFO - Group sizes are not balanced!
2018-12-09 18:15:47,858 - INFO - checking for best animal to reassign
2018-12-09 18:15:47,858 - INFO - 
2018-12-09 18:15:47,858 - INFO - removed animal PH22545 from group 0
2018-12-09 18:15:47,858 - INFO - assigned animal PH22545 to group 2
2018-12-09 18:15:47,858 - INFO - removed animal PH22545 from group 2
2018-12-09 18:15:47,858 - INFO - assigned animal PH22545 to group 0
2018-12-09 18:15:47,858 - INFO - 
2018-12-09 18:15:47,858 - INFO - removed animal PH22560 from group 0
2018-12-09 18:15:47,858 - INFO - assigned animal PH22560 to group 2
2018-12-09 18:15:47,858 - INFO - removed animal PH22560 from group 2
2018-12-09 18:15:47,868 - INFO - assigned animal PH22560 to group 0
2018-12-09 18:15:47,868 - INFO - 
2018-12-09 18:15:47,868 - INFO - removed animal PH22550 from group 0
2018-12-09 18:15:47,868 - INFO - assigned animal PH22550 to group 2
2018-12-09 18:15:47,868 - INFO - removed animal PH22550 from group 2
2018-12-09 18:15:47,868 - INFO - assigned animal PH22550 to group 0
2018-12-09 18:15:47,868 - INFO - 
2018-12-09 18:15:47,868 - INFO - removed animal PH22552 from group 0
2018-12-09 18:15:47,868 - INFO - assigned animal PH22552 to group 2
2018-12-09 18:15:47,868 - INFO - removed animal PH22552 from group 2
2018-12-09 18:15:47,868 - INFO - assigned animal PH22552 to group 0
2018-12-09 18:15:47,868 - INFO - 
2018-12-09 18:15:47,878 - INFO - removed animal PH22548 from group 0
2018-12-09 18:15:47,878 - INFO - assigned animal PH22548 to group 2
2018-12-09 18:15:47,878 - INFO - removed animal PH22548 from group 2
2018-12-09 18:15:47,881 - INFO - assigned animal PH22548 to group 0
2018-12-09 18:15:47,881 - INFO - 
2018-12-09 18:15:47,881 - INFO - removed animal PH22547 from group 0
2018-12-09 18:15:47,881 - INFO - assigned animal PH22547 to group 2
2018-12-09 18:15:47,881 - INFO - removed animal PH22547 from group 2
2018-12-09 18:15:47,881 - INFO - assigned animal PH22547 to group 0
2018-12-09 18:15:47,881 - INFO - 
2018-12-09 18:15:47,881 - INFO - removed animal PH22545 from group 0
2018-12-09 18:15:47,881 - INFO - assigned animal PH22545 to group 2
2018-12-09 18:15:47,888 - INFO - removed animal PH22545 from group 2
2018-12-09 18:15:47,888 - INFO - assigned animal PH22545 to group 0
2018-12-09 18:15:47,888 - INFO - 
2018-12-09 18:15:47,888 - INFO - removed animal PH22550 from group 0
2018-12-09 18:15:47,888 - INFO - assigned animal PH22550 to group 2
2018-12-09 18:15:47,888 - INFO - removed animal PH22550 from group 2
2018-12-09 18:15:47,898 - INFO - assigned animal PH22550 to group 0
2018-12-09 18:15:47,898 - INFO - 
2018-12-09 18:15:47,898 - INFO - removed animal PH22548 from group 0
2018-12-09 18:15:47,898 - INFO - assigned animal PH22548 to group 2
2018-12-09 18:15:47,898 - INFO - removed animal PH22548 from group 2
2018-12-09 18:15:47,898 - INFO - assigned animal PH22548 to group 0
2018-12-09 18:15:47,898 - INFO - 
2018-12-09 18:15:47,898 - INFO - removed animal PH22545 from group 0
2018-12-09 18:15:47,898 - INFO - assigned animal PH22545 to group 2
2018-12-09 18:15:47,898 - INFO - removed animal PH22545 from group 2
2018-12-09 18:15:47,898 - INFO - assigned animal PH22545 to group 0
2018-12-09 18:15:47,910 - INFO - 
2018-12-09 18:15:47,910 - INFO - removed animal PH22548 from group 0
2018-12-09 18:15:47,910 - INFO - assigned animal PH22548 to group 2
2018-12-09 18:15:47,910 - INFO - removed animal PH22548 from group 2
2018-12-09 18:15:47,910 - INFO - assigned animal PH22548 to group 0
2018-12-09 18:15:47,910 - INFO - 
2018-12-09 18:15:47,910 - INFO - removed animal PH22548 from group 0
2018-12-09 18:15:47,910 - INFO - assigned animal PH22548 to group 2
2018-12-09 18:15:47,920 - INFO - removed animal PH22548 from group 2
2018-12-09 18:15:47,920 - INFO - assigned animal PH22548 to group 0
2018-12-09 18:15:47,920 - INFO - 
2018-12-09 18:15:47,920 - INFO - best animal to switch is: PH22547 with new mean p = 0.787554
2018-12-09 18:15:47,920 - INFO - removed animal PH22547 from group 0
2018-12-09 18:15:47,920 - INFO - assigned animal PH22547 to group 2
2018-12-09 18:15:47,920 - INFO - 
2018-12-09 18:15:47,920 - INFO - 
2018-12-09 18:15:47,920 - INFO - Group ID: 0
2018-12-09 18:15:47,920 - INFO - Group size: 11
2018-12-09 18:15:47,920 - INFO - 
2018-12-09 18:15:47,920 - INFO - Group ID: 1
2018-12-09 18:15:47,920 - INFO - Group size: 12
2018-12-09 18:15:47,920 - INFO - 
2018-12-09 18:15:47,930 - INFO - Group ID: 2
2018-12-09 18:15:47,930 - INFO - Group size: 8
2018-12-09 18:15:47,930 - INFO - Group sizes are not balanced!
2018-12-09 18:15:47,930 - INFO - checking for best animal to reassign
2018-12-09 18:15:47,930 - INFO - 
2018-12-09 18:15:47,930 - INFO - removed animal PH22543 from group 1
2018-12-09 18:15:47,930 - INFO - assigned animal PH22543 to group 2
2018-12-09 18:15:47,930 - INFO - removed animal PH22543 from group 2
2018-12-09 18:15:47,940 - INFO - assigned animal PH22543 to group 1
2018-12-09 18:15:47,940 - INFO - 
2018-12-09 18:15:47,940 - INFO - removed animal PH22538 from group 1
2018-12-09 18:15:47,940 - INFO - assigned animal PH22538 to group 2
2018-12-09 18:15:47,940 - INFO - removed animal PH22538 from group 2
2018-12-09 18:15:47,940 - INFO - assigned animal PH22538 to group 1
2018-12-09 18:15:47,940 - INFO - 
2018-12-09 18:15:47,940 - INFO - removed animal PH22549 from group 1
2018-12-09 18:15:47,940 - INFO - assigned animal PH22549 to group 2
2018-12-09 18:15:47,940 - INFO - removed animal PH22549 from group 2
2018-12-09 18:15:47,940 - INFO - assigned animal PH22549 to group 1
2018-12-09 18:15:47,940 - INFO - 
2018-12-09 18:15:47,940 - INFO - removed animal PH22534 from group 1
2018-12-09 18:15:47,940 - INFO - assigned animal PH22534 to group 2
2018-12-09 18:15:47,950 - INFO - removed animal PH22534 from group 2
2018-12-09 18:15:47,950 - INFO - assigned animal PH22534 to group 1
2018-12-09 18:15:47,950 - INFO - 
2018-12-09 18:15:47,950 - INFO - removed animal PH22557 from group 1
2018-12-09 18:15:47,950 - INFO - assigned animal PH22557 to group 2
2018-12-09 18:15:47,950 - INFO - removed animal PH22557 from group 2
2018-12-09 18:15:47,950 - INFO - assigned animal PH22557 to group 1
2018-12-09 18:15:47,950 - INFO - 
2018-12-09 18:15:47,950 - INFO - removed animal PH22531 from group 1
2018-12-09 18:15:47,950 - INFO - assigned animal PH22531 to group 2
2018-12-09 18:15:47,960 - INFO - removed animal PH22531 from group 2
2018-12-09 18:15:47,960 - INFO - assigned animal PH22531 to group 1
2018-12-09 18:15:47,960 - INFO - 
2018-12-09 18:15:47,960 - INFO - removed animal PH22543 from group 1
2018-12-09 18:15:47,960 - INFO - assigned animal PH22543 to group 2
2018-12-09 18:15:47,960 - INFO - removed animal PH22543 from group 2
2018-12-09 18:15:47,960 - INFO - assigned animal PH22543 to group 1
2018-12-09 18:15:47,960 - INFO - 
2018-12-09 18:15:47,960 - INFO - removed animal PH22549 from group 1
2018-12-09 18:15:47,960 - INFO - assigned animal PH22549 to group 2
2018-12-09 18:15:47,960 - INFO - removed animal PH22549 from group 2
2018-12-09 18:15:47,960 - INFO - assigned animal PH22549 to group 1
2018-12-09 18:15:47,969 - INFO - 
2018-12-09 18:15:47,969 - INFO - removed animal PH22557 from group 1
2018-12-09 18:15:47,969 - INFO - assigned animal PH22557 to group 2
2018-12-09 18:15:47,969 - INFO - removed animal PH22557 from group 2
2018-12-09 18:15:47,969 - INFO - assigned animal PH22557 to group 1
2018-12-09 18:15:47,969 - INFO - 
2018-12-09 18:15:47,969 - INFO - removed animal PH22543 from group 1
2018-12-09 18:15:47,969 - INFO - assigned animal PH22543 to group 2
2018-12-09 18:15:47,969 - INFO - removed animal PH22543 from group 2
2018-12-09 18:15:47,969 - INFO - assigned animal PH22543 to group 1
2018-12-09 18:15:47,969 - INFO - 
2018-12-09 18:15:47,969 - INFO - removed animal PH22557 from group 1
2018-12-09 18:15:47,980 - INFO - assigned animal PH22557 to group 2
2018-12-09 18:15:47,980 - INFO - removed animal PH22557 from group 2
2018-12-09 18:15:47,980 - INFO - assigned animal PH22557 to group 1
2018-12-09 18:15:47,980 - INFO - 
2018-12-09 18:15:47,980 - INFO - removed animal PH22557 from group 1
2018-12-09 18:15:47,980 - INFO - assigned animal PH22557 to group 2
2018-12-09 18:15:47,980 - INFO - removed animal PH22557 from group 2
2018-12-09 18:15:47,980 - INFO - assigned animal PH22557 to group 1
2018-12-09 18:15:47,980 - INFO - 
2018-12-09 18:15:47,980 - INFO - best animal to switch is: PH22531 with new mean p = 0.708207
2018-12-09 18:15:47,980 - INFO - removed animal PH22531 from group 1
2018-12-09 18:15:47,980 - INFO - assigned animal PH22531 to group 2
2018-12-09 18:15:47,980 - INFO - 
2018-12-09 18:15:47,980 - INFO - 
2018-12-09 18:15:47,980 - INFO - Group ID: 0
2018-12-09 18:15:47,980 - INFO - Group size: 11
2018-12-09 18:15:47,980 - INFO - 
2018-12-09 18:15:47,990 - INFO - Group ID: 1
2018-12-09 18:15:47,990 - INFO - Group size: 11
2018-12-09 18:15:47,990 - INFO - 
2018-12-09 18:15:47,990 - INFO - Group ID: 2
2018-12-09 18:15:47,990 - INFO - Group size: 9
2018-12-09 18:15:47,990 - INFO - Group sizes are not balanced!
2018-12-09 18:15:47,990 - INFO - checking for best animal to reassign
2018-12-09 18:15:47,990 - INFO - 
2018-12-09 18:15:47,990 - INFO - removed animal PH22541 from group 0
2018-12-09 18:15:47,990 - INFO - assigned animal PH22541 to group 2
2018-12-09 18:15:47,990 - INFO - removed animal PH22541 from group 2
2018-12-09 18:15:48,000 - INFO - assigned animal PH22541 to group 0
2018-12-09 18:15:48,000 - INFO - 
2018-12-09 18:15:48,000 - INFO - removed animal PH22551 from group 0
2018-12-09 18:15:48,000 - INFO - assigned animal PH22551 to group 2
2018-12-09 18:15:48,000 - INFO - removed animal PH22551 from group 2
2018-12-09 18:15:48,000 - INFO - assigned animal PH22551 to group 0
2018-12-09 18:15:48,000 - INFO - 
2018-12-09 18:15:48,000 - INFO - removed animal PH22559 from group 0
2018-12-09 18:15:48,000 - INFO - assigned animal PH22559 to group 2
2018-12-09 18:15:48,000 - INFO - removed animal PH22559 from group 2
2018-12-09 18:15:48,000 - INFO - assigned animal PH22559 to group 0
2018-12-09 18:15:48,000 - INFO - 
2018-12-09 18:15:48,000 - INFO - removed animal PH22560 from group 0
2018-12-09 18:15:48,000 - INFO - assigned animal PH22560 to group 2
2018-12-09 18:15:48,010 - INFO - removed animal PH22560 from group 2
2018-12-09 18:15:48,010 - INFO - assigned animal PH22560 to group 0
2018-12-09 18:15:48,010 - INFO - 
2018-12-09 18:15:48,010 - INFO - removed animal PH22550 from group 0
2018-12-09 18:15:48,010 - INFO - assigned animal PH22550 to group 2
2018-12-09 18:15:48,010 - INFO - removed animal PH22550 from group 2
2018-12-09 18:15:48,010 - INFO - assigned animal PH22550 to group 0
2018-12-09 18:15:48,010 - INFO - 
2018-12-09 18:15:48,010 - INFO - removed animal PH22548 from group 0
2018-12-09 18:15:48,010 - INFO - assigned animal PH22548 to group 2
2018-12-09 18:15:48,020 - INFO - removed animal PH22548 from group 2
2018-12-09 18:15:48,020 - INFO - assigned animal PH22548 to group 0
2018-12-09 18:15:48,020 - INFO - 
2018-12-09 18:15:48,020 - INFO - removed animal PH22551 from group 0
2018-12-09 18:15:48,020 - INFO - assigned animal PH22551 to group 2
2018-12-09 18:15:48,020 - INFO - removed animal PH22551 from group 2
2018-12-09 18:15:48,020 - INFO - assigned animal PH22551 to group 0
2018-12-09 18:15:48,020 - INFO - 
2018-12-09 18:15:48,020 - INFO - removed animal PH22560 from group 0
2018-12-09 18:15:48,020 - INFO - assigned animal PH22560 to group 2
2018-12-09 18:15:48,020 - INFO - removed animal PH22560 from group 2
2018-12-09 18:15:48,020 - INFO - assigned animal PH22560 to group 0
2018-12-09 18:15:48,020 - INFO - 
2018-12-09 18:15:48,030 - INFO - removed animal PH22548 from group 0
2018-12-09 18:15:48,030 - INFO - assigned animal PH22548 to group 2
2018-12-09 18:15:48,030 - INFO - removed animal PH22548 from group 2
2018-12-09 18:15:48,030 - INFO - assigned animal PH22548 to group 0
2018-12-09 18:15:48,030 - INFO - 
2018-12-09 18:15:48,030 - INFO - removed animal PH22560 from group 0
2018-12-09 18:15:48,030 - INFO - assigned animal PH22560 to group 2
2018-12-09 18:15:48,030 - INFO - removed animal PH22560 from group 2
2018-12-09 18:15:48,042 - INFO - assigned animal PH22560 to group 0
2018-12-09 18:15:48,042 - INFO - 
2018-12-09 18:15:48,042 - INFO - removed animal PH22560 from group 0
2018-12-09 18:15:48,042 - INFO - assigned animal PH22560 to group 2
2018-12-09 18:15:48,045 - INFO - removed animal PH22560 from group 2
2018-12-09 18:15:48,045 - INFO - assigned animal PH22560 to group 0
2018-12-09 18:15:48,045 - INFO - 
2018-12-09 18:15:48,045 - INFO - best animal to switch is: PH22559 with new mean p = 0.792222
2018-12-09 18:15:48,045 - INFO - removed animal PH22559 from group 0
2018-12-09 18:15:48,045 - INFO - assigned animal PH22559 to group 2
2018-12-09 18:15:48,045 - INFO - 
2018-12-09 18:15:48,045 - INFO - 
2018-12-09 18:15:48,052 - INFO - Group ID: 0
2018-12-09 18:15:48,055 - INFO - Group size: 10
2018-12-09 18:15:48,055 - INFO - 
2018-12-09 18:15:48,055 - INFO - Group ID: 1
2018-12-09 18:15:48,055 - INFO - Group size: 11
2018-12-09 18:15:48,055 - INFO - 
2018-12-09 18:15:48,055 - INFO - Group ID: 2
2018-12-09 18:15:48,055 - INFO - Group size: 10
2018-12-09 18:15:48,055 - INFO - 
2018-12-09 18:15:48,055 - INFO - Group sizes are balanced!
2018-12-09 18:15:48,055 - INFO -      Group 1 contains 10 animals
2018-12-09 18:15:48,062 - INFO - mean feature difference between group 0 and 1: 0.914
2018-12-09 18:15:48,062 - INFO - mean feature difference between group 0 and 2: 0.792
2018-12-09 18:15:48,062 - INFO -      Group 2 contains 11 animals
2018-12-09 18:15:48,062 - INFO - mean feature difference between group 1 and 0: 0.914
2018-12-09 18:15:48,062 - INFO - mean feature difference between group 1 and 2: 0.750
2018-12-09 18:15:48,062 - INFO -      Group 3 contains 10 animals
2018-12-09 18:15:48,062 - INFO - mean feature difference between group 2 and 0: 0.792
2018-12-09 18:15:48,062 - INFO - mean feature difference between group 2 and 1: 0.750
2018-12-09 18:15:48,071 - INFO - Equalizing group size complete!
2018-12-09 18:15:48,071 - INFO - 
2018-12-09 18:15:48,071 - INFO - Creating output!
2018-12-09 18:15:48,926 - INFO - output created!
2018-12-09 18:15:48,936 - INFO - 
2018-12-09 18:15:48,936 - INFO - Plotting results
2018-12-09 18:15:49,381 - INFO - saving plot as C:\Users\huebo\Blindr\output\09-12-18_18-15-47\grouped_example_data.png
2018-12-09 18:15:49,381 - INFO - 
2018-12-09 18:15:49,381 - INFO - Blinding output
2018-12-09 18:15:49,381 - INFO - output blinded!
2018-12-09 18:15:49,381 - INFO - 
2018-12-09 18:15:49,392 - INFO - saving data as C:\Users\huebo\Blindr\output\09-12-18_18-15-47\blinded_example_data.xlsx
2018-12-09 18:15:49,525 - INFO - saving succuessful!
2018-12-09 18:15:49,769 - INFO - Exiting script...
