2018-12-10 03:04:31,133 - INFO - Starting script...
2018-12-10 03:04:31,134 - INFO - Loading data from C:/Users/huebo/Blindr/input/example_data.xlsx
2018-12-10 03:04:31,176 - INFO - Loading succuessful!
2018-12-10 03:04:31,176 - INFO - 
2018-12-10 03:04:31,181 - INFO - Preprocessing data
2018-12-10 03:04:31,181 - INFO - 
 Found features:
2018-12-10 03:04:31,182 - INFO -      Numerical feature: Weight
2018-12-10 03:04:31,183 - INFO -      Numerical feature: Activity
2018-12-10 03:04:31,184 - INFO -      Numerical feature: Signal strength
2018-12-10 03:04:31,184 - INFO -      Categorical feature: Actogram
2018-12-10 03:04:31,185 - INFO -          Unique values: 3
2018-12-10 03:04:31,189 - INFO - OK              26
Low activity     3
High             2
Name: Actogram, dtype: int64
2018-12-10 03:04:31,192 - INFO - Numerizing category: OK
2018-12-10 03:04:31,194 - INFO - Numerizing category: Low activity
2018-12-10 03:04:31,195 - INFO - Numerizing category: High
2018-12-10 03:04:31,196 - INFO - Preprocessing complete
2018-12-10 03:04:31,196 - INFO - 
2018-12-10 03:04:31,196 - INFO - Plotting data
2018-12-10 03:04:31,715 - INFO - saving plot as C:/Users/huebo/Blindr/input/example_data_blinded/10-12-18_03-04-31/example_data_features.png
2018-12-10 03:04:31,722 - INFO - 
2018-12-10 03:04:31,722 - INFO - Standardscaling data
2018-12-10 03:04:31,722 - INFO - standard scaling (1 of 6): Weight
2018-12-10 03:04:31,723 - INFO - standard scaling (2 of 6): Activity
2018-12-10 03:04:31,725 - INFO - standard scaling (3 of 6): Signal strength
2018-12-10 03:04:31,726 - INFO - standard scaling (4 of 6): OK
2018-12-10 03:04:31,727 - INFO - standard scaling (5 of 6): Low activity
2018-12-10 03:04:31,727 - INFO - standard scaling (6 of 6): High
2018-12-10 03:04:31,728 - INFO - Standardscaling complete!
2018-12-10 03:04:31,729 - INFO - 
2018-12-10 03:04:31,729 - INFO - Creating animals
2018-12-10 03:04:31,732 - INFO - created animal with ID: PH22531
2018-12-10 03:04:31,733 - INFO - created animal with ID: PH22532
2018-12-10 03:04:31,735 - INFO - created animal with ID: PH22533
2018-12-10 03:04:31,737 - INFO - created animal with ID: PH22534
2018-12-10 03:04:31,737 - INFO - created animal with ID: PH22535
2018-12-10 03:04:31,739 - INFO - created animal with ID: PH22536
2018-12-10 03:04:31,741 - INFO - created animal with ID: PH22537
2018-12-10 03:04:31,742 - INFO - created animal with ID: PH22538
2018-12-10 03:04:31,743 - INFO - created animal with ID: PH22539
2018-12-10 03:04:31,745 - INFO - created animal with ID: PH22540
2018-12-10 03:04:31,746 - INFO - created animal with ID: PH22541
2018-12-10 03:04:31,748 - INFO - created animal with ID: PH22542
2018-12-10 03:04:31,750 - INFO - created animal with ID: PH22543
2018-12-10 03:04:31,751 - INFO - created animal with ID: PH22544
2018-12-10 03:04:31,752 - INFO - created animal with ID: PH22545
2018-12-10 03:04:31,753 - INFO - created animal with ID: PH22546
2018-12-10 03:04:31,754 - INFO - created animal with ID: PH22547
2018-12-10 03:04:31,755 - INFO - created animal with ID: PH22548
2018-12-10 03:04:31,758 - INFO - created animal with ID: PH22549
2018-12-10 03:04:31,759 - INFO - created animal with ID: PH22550
2018-12-10 03:04:31,760 - INFO - created animal with ID: PH22551
2018-12-10 03:04:31,760 - INFO - created animal with ID: PH22552
2018-12-10 03:04:31,762 - INFO - created animal with ID: PH22553
2018-12-10 03:04:31,766 - INFO - created animal with ID: PH22554
2018-12-10 03:04:31,767 - INFO - created animal with ID: PH22555
2018-12-10 03:04:31,768 - INFO - created animal with ID: PH22556
2018-12-10 03:04:31,769 - INFO - created animal with ID: PH22557
2018-12-10 03:04:31,771 - INFO - created animal with ID: PH22558
2018-12-10 03:04:31,772 - INFO - created animal with ID: PH22559
2018-12-10 03:04:31,773 - INFO - created animal with ID: PH22560
2018-12-10 03:04:31,775 - INFO - created animal with ID: PH22561
2018-12-10 03:04:31,775 - INFO - Created 31 animals
2018-12-10 03:04:31,775 - INFO - 
2018-12-10 03:04:31,775 - INFO - Creating groups
2018-12-10 03:04:31,775 - INFO - created group with ID: 1
2018-12-10 03:04:31,775 - INFO - created group with ID: 2
2018-12-10 03:04:31,775 - INFO - Created 2 groups
2018-12-10 03:04:31,776 - INFO - 
2018-12-10 03:04:31,776 - INFO - Assigning animals to groups
2018-12-10 03:04:31,778 - INFO - assigned animal PH22545 to group 1
2018-12-10 03:04:31,781 - INFO - assigned animal PH22541 to group 1
2018-12-10 03:04:31,783 - INFO - assigned animal PH22560 to group 1
2018-12-10 03:04:31,785 - INFO - assigned animal PH22543 to group 2
2018-12-10 03:04:31,787 - INFO - assigned animal PH22537 to group 2
2018-12-10 03:04:31,788 - INFO - assigned animal PH22538 to group 2
2018-12-10 03:04:31,790 - INFO - assigned animal PH22556 to group 1
2018-12-10 03:04:31,792 - INFO - assigned animal PH22540 to group 2
2018-12-10 03:04:31,793 - INFO - assigned animal PH22546 to group 2
2018-12-10 03:04:31,794 - INFO - assigned animal PH22550 to group 2
2018-12-10 03:04:31,795 - INFO - assigned animal PH22539 to group 1
2018-12-10 03:04:31,797 - INFO - assigned animal PH22533 to group 2
2018-12-10 03:04:31,799 - INFO - assigned animal PH22551 to group 1
2018-12-10 03:04:31,800 - INFO - assigned animal PH22555 to group 2
2018-12-10 03:04:31,801 - INFO - assigned animal PH22554 to group 2
2018-12-10 03:04:31,802 - INFO - assigned animal PH22549 to group 2
2018-12-10 03:04:31,803 - INFO - assigned animal PH22552 to group 1
2018-12-10 03:04:31,805 - INFO - assigned animal PH22536 to group 1
2018-12-10 03:04:31,806 - INFO - assigned animal PH22534 to group 2
2018-12-10 03:04:31,807 - INFO - assigned animal PH22548 to group 1
2018-12-10 03:04:31,808 - INFO - assigned animal PH22542 to group 2
2018-12-10 03:04:31,809 - INFO - assigned animal PH22553 to group 2
2018-12-10 03:04:31,810 - INFO - assigned animal PH22532 to group 1
2018-12-10 03:04:31,811 - INFO - assigned animal PH22557 to group 2
2018-12-10 03:04:31,813 - INFO - assigned animal PH22558 to group 2
2018-12-10 03:04:31,813 - INFO - assigned animal PH22535 to group 1
2018-12-10 03:04:31,814 - INFO - assigned animal PH22531 to group 2
2018-12-10 03:04:31,815 - INFO - assigned animal PH22547 to group 1
2018-12-10 03:04:31,816 - INFO - assigned animal PH22559 to group 2
2018-12-10 03:04:31,816 - INFO - assigned animal PH22561 to group 2
2018-12-10 03:04:31,816 - INFO - assigned animal PH22544 to group 2
2018-12-10 03:04:31,816 - INFO - Initial assignment complete!
2018-12-10 03:04:31,816 - INFO - 
2018-12-10 03:04:31,817 - INFO - Equalizing group sizes
2018-12-10 03:04:31,817 - INFO - 
2018-12-10 03:04:31,818 - INFO - Group ID: 1
2018-12-10 03:04:31,818 - INFO - Group size: 12
2018-12-10 03:04:31,819 - INFO - mean feature difference between group 1 and 2: 0.901
2018-12-10 03:04:31,819 - INFO - 
2018-12-10 03:04:31,819 - INFO - Group ID: 2
2018-12-10 03:04:31,819 - INFO - Group size: 19
2018-12-10 03:04:31,820 - INFO - mean feature difference between group 2 and 1: 0.901
2018-12-10 03:04:31,820 - INFO - mean difference: 0.901
2018-12-10 03:04:31,821 - INFO - largest group: 2
2018-12-10 03:04:31,821 - INFO - smallest group 1:
2018-12-10 03:04:31,821 - INFO - Group sizes are not balanced!
2018-12-10 03:04:31,821 - INFO - checking for best animal to reassign
2018-12-10 03:04:31,821 - INFO - 
2018-12-10 03:04:31,821 - INFO - removed animal PH22543 from group 2
2018-12-10 03:04:31,821 - INFO - assigned animal PH22543 to group 1
2018-12-10 03:04:31,822 - INFO - removed animal PH22543 from group 1
2018-12-10 03:04:31,822 - INFO - assigned animal PH22543 to group 2
2018-12-10 03:04:31,822 - INFO - 
2018-12-10 03:04:31,822 - INFO - removed animal PH22538 from group 2
2018-12-10 03:04:31,823 - INFO - assigned animal PH22538 to group 1
2018-12-10 03:04:31,824 - INFO - removed animal PH22538 from group 1
2018-12-10 03:04:31,825 - INFO - assigned animal PH22538 to group 2
2018-12-10 03:04:31,825 - INFO - 
2018-12-10 03:04:31,826 - INFO - removed animal PH22546 from group 2
2018-12-10 03:04:31,827 - INFO - assigned animal PH22546 to group 1
2018-12-10 03:04:31,828 - INFO - removed animal PH22546 from group 1
2018-12-10 03:04:31,828 - INFO - assigned animal PH22546 to group 2
2018-12-10 03:04:31,828 - INFO - 
2018-12-10 03:04:31,828 - INFO - removed animal PH22533 from group 2
2018-12-10 03:04:31,829 - INFO - assigned animal PH22533 to group 1
2018-12-10 03:04:31,829 - INFO - removed animal PH22533 from group 1
2018-12-10 03:04:31,830 - INFO - assigned animal PH22533 to group 2
2018-12-10 03:04:31,831 - INFO - 
2018-12-10 03:04:31,831 - INFO - removed animal PH22554 from group 2
2018-12-10 03:04:31,832 - INFO - assigned animal PH22554 to group 1
2018-12-10 03:04:31,832 - INFO - removed animal PH22554 from group 1
2018-12-10 03:04:31,833 - INFO - assigned animal PH22554 to group 2
2018-12-10 03:04:31,833 - INFO - 
2018-12-10 03:04:31,833 - INFO - removed animal PH22534 from group 2
2018-12-10 03:04:31,834 - INFO - assigned animal PH22534 to group 1
2018-12-10 03:04:31,835 - INFO - removed animal PH22534 from group 1
2018-12-10 03:04:31,836 - INFO - assigned animal PH22534 to group 2
2018-12-10 03:04:31,836 - INFO - 
2018-12-10 03:04:31,836 - INFO - removed animal PH22553 from group 2
2018-12-10 03:04:31,836 - INFO - assigned animal PH22553 to group 1
2018-12-10 03:04:31,837 - INFO - removed animal PH22553 from group 1
2018-12-10 03:04:31,837 - INFO - assigned animal PH22553 to group 2
2018-12-10 03:04:31,837 - INFO - 
2018-12-10 03:04:31,837 - INFO - removed animal PH22558 from group 2
2018-12-10 03:04:31,837 - INFO - assigned animal PH22558 to group 1
2018-12-10 03:04:31,838 - INFO - removed animal PH22558 from group 1
2018-12-10 03:04:31,838 - INFO - assigned animal PH22558 to group 2
2018-12-10 03:04:31,839 - INFO - 
2018-12-10 03:04:31,839 - INFO - removed animal PH22559 from group 2
2018-12-10 03:04:31,841 - INFO - assigned animal PH22559 to group 1
2018-12-10 03:04:31,841 - INFO - removed animal PH22559 from group 1
2018-12-10 03:04:31,842 - INFO - assigned animal PH22559 to group 2
2018-12-10 03:04:31,842 - INFO - 
2018-12-10 03:04:31,842 - INFO - removed animal PH22544 from group 2
2018-12-10 03:04:31,842 - INFO - assigned animal PH22544 to group 1
2018-12-10 03:04:31,843 - INFO - removed animal PH22544 from group 1
2018-12-10 03:04:31,844 - INFO - assigned animal PH22544 to group 2
2018-12-10 03:04:31,844 - INFO - 
2018-12-10 03:04:31,844 - INFO - removed animal PH22538 from group 2
2018-12-10 03:04:31,844 - INFO - assigned animal PH22538 to group 1
2018-12-10 03:04:31,845 - INFO - removed animal PH22538 from group 1
2018-12-10 03:04:31,845 - INFO - assigned animal PH22538 to group 2
2018-12-10 03:04:31,845 - INFO - 
2018-12-10 03:04:31,846 - INFO - removed animal PH22533 from group 2
2018-12-10 03:04:31,846 - INFO - assigned animal PH22533 to group 1
2018-12-10 03:04:31,847 - INFO - removed animal PH22533 from group 1
2018-12-10 03:04:31,848 - INFO - assigned animal PH22533 to group 2
2018-12-10 03:04:31,849 - INFO - 
2018-12-10 03:04:31,849 - INFO - removed animal PH22534 from group 2
2018-12-10 03:04:31,850 - INFO - assigned animal PH22534 to group 1
2018-12-10 03:04:31,850 - INFO - removed animal PH22534 from group 1
2018-12-10 03:04:31,851 - INFO - assigned animal PH22534 to group 2
2018-12-10 03:04:31,851 - INFO - 
2018-12-10 03:04:31,851 - INFO - removed animal PH22558 from group 2
2018-12-10 03:04:31,851 - INFO - assigned animal PH22558 to group 1
2018-12-10 03:04:31,852 - INFO - removed animal PH22558 from group 1
2018-12-10 03:04:31,852 - INFO - assigned animal PH22558 to group 2
2018-12-10 03:04:31,852 - INFO - 
2018-12-10 03:04:31,853 - INFO - removed animal PH22544 from group 2
2018-12-10 03:04:31,853 - INFO - assigned animal PH22544 to group 1
2018-12-10 03:04:31,854 - INFO - removed animal PH22544 from group 1
2018-12-10 03:04:31,855 - INFO - assigned animal PH22544 to group 2
2018-12-10 03:04:31,855 - INFO - 
2018-12-10 03:04:31,855 - INFO - removed animal PH22533 from group 2
2018-12-10 03:04:31,856 - INFO - assigned animal PH22533 to group 1
2018-12-10 03:04:31,856 - INFO - removed animal PH22533 from group 1
2018-12-10 03:04:31,857 - INFO - assigned animal PH22533 to group 2
2018-12-10 03:04:31,857 - INFO - 
2018-12-10 03:04:31,857 - INFO - removed animal PH22558 from group 2
2018-12-10 03:04:31,857 - INFO - assigned animal PH22558 to group 1
2018-12-10 03:04:31,858 - INFO - removed animal PH22558 from group 1
2018-12-10 03:04:31,859 - INFO - assigned animal PH22558 to group 2
2018-12-10 03:04:31,859 - INFO - 
2018-12-10 03:04:31,859 - INFO - removed animal PH22533 from group 2
2018-12-10 03:04:31,860 - INFO - assigned animal PH22533 to group 1
2018-12-10 03:04:31,860 - INFO - removed animal PH22533 from group 1
2018-12-10 03:04:31,860 - INFO - assigned animal PH22533 to group 2
2018-12-10 03:04:31,861 - INFO - 
2018-12-10 03:04:31,861 - INFO - removed animal PH22533 from group 2
2018-12-10 03:04:31,862 - INFO - assigned animal PH22533 to group 1
2018-12-10 03:04:31,863 - INFO - removed animal PH22533 from group 1
2018-12-10 03:04:31,864 - INFO - assigned animal PH22533 to group 2
2018-12-10 03:04:31,864 - INFO - 
2018-12-10 03:04:31,864 - INFO - best animal to switch is: PH22544 with new mean p = 0.886004
2018-12-10 03:04:31,865 - INFO - removed animal PH22544 from group 2
2018-12-10 03:04:31,865 - INFO - assigned animal PH22544 to group 1
2018-12-10 03:04:31,866 - INFO - 
2018-12-10 03:04:31,866 - INFO - 
2018-12-10 03:04:31,866 - INFO - Group ID: 1
2018-12-10 03:04:31,866 - INFO - Group size: 13
2018-12-10 03:04:31,866 - INFO - 
2018-12-10 03:04:31,866 - INFO - Group ID: 2
2018-12-10 03:04:31,866 - INFO - Group size: 18
2018-12-10 03:04:31,866 - INFO - Group sizes are not balanced!
2018-12-10 03:04:31,866 - INFO - checking for best animal to reassign
2018-12-10 03:04:31,866 - INFO - 
2018-12-10 03:04:31,866 - INFO - removed animal PH22537 from group 2
2018-12-10 03:04:31,867 - INFO - assigned animal PH22537 to group 1
2018-12-10 03:04:31,867 - INFO - removed animal PH22537 from group 1
2018-12-10 03:04:31,868 - INFO - assigned animal PH22537 to group 2
2018-12-10 03:04:31,868 - INFO - 
2018-12-10 03:04:31,868 - INFO - removed animal PH22550 from group 2
2018-12-10 03:04:31,868 - INFO - assigned animal PH22550 to group 1
2018-12-10 03:04:31,869 - INFO - removed animal PH22550 from group 1
2018-12-10 03:04:31,870 - INFO - assigned animal PH22550 to group 2
2018-12-10 03:04:31,870 - INFO - 
2018-12-10 03:04:31,871 - INFO - removed animal PH22549 from group 2
2018-12-10 03:04:31,871 - INFO - assigned animal PH22549 to group 1
2018-12-10 03:04:31,872 - INFO - removed animal PH22549 from group 1
2018-12-10 03:04:31,873 - INFO - assigned animal PH22549 to group 2
2018-12-10 03:04:31,873 - INFO - 
2018-12-10 03:04:31,874 - INFO - removed animal PH22557 from group 2
2018-12-10 03:04:31,874 - INFO - assigned animal PH22557 to group 1
2018-12-10 03:04:31,875 - INFO - removed animal PH22557 from group 1
2018-12-10 03:04:31,875 - INFO - assigned animal PH22557 to group 2
2018-12-10 03:04:31,875 - INFO - 
2018-12-10 03:04:31,875 - INFO - removed animal PH22561 from group 2
2018-12-10 03:04:31,876 - INFO - assigned animal PH22561 to group 1
2018-12-10 03:04:31,877 - INFO - removed animal PH22561 from group 1
2018-12-10 03:04:31,878 - INFO - assigned animal PH22561 to group 2
2018-12-10 03:04:31,878 - INFO - 
2018-12-10 03:04:31,878 - INFO - removed animal PH22546 from group 2
2018-12-10 03:04:31,879 - INFO - assigned animal PH22546 to group 1
2018-12-10 03:04:31,880 - INFO - removed animal PH22546 from group 1
2018-12-10 03:04:31,880 - INFO - assigned animal PH22546 to group 2
2018-12-10 03:04:31,881 - INFO - 
2018-12-10 03:04:31,881 - INFO - removed animal PH22553 from group 2
2018-12-10 03:04:31,882 - INFO - assigned animal PH22553 to group 1
2018-12-10 03:04:31,883 - INFO - removed animal PH22553 from group 1
2018-12-10 03:04:31,883 - INFO - assigned animal PH22553 to group 2
2018-12-10 03:04:31,884 - INFO - 
2018-12-10 03:04:31,884 - INFO - removed animal PH22538 from group 2
2018-12-10 03:04:31,884 - INFO - assigned animal PH22538 to group 1
2018-12-10 03:04:31,885 - INFO - removed animal PH22538 from group 1
2018-12-10 03:04:31,886 - INFO - assigned animal PH22538 to group 2
2018-12-10 03:04:31,886 - INFO - 
2018-12-10 03:04:31,886 - INFO - removed animal PH22558 from group 2
2018-12-10 03:04:31,887 - INFO - assigned animal PH22558 to group 1
2018-12-10 03:04:31,887 - INFO - removed animal PH22558 from group 1
2018-12-10 03:04:31,888 - INFO - assigned animal PH22558 to group 2
2018-12-10 03:04:31,888 - INFO - 
2018-12-10 03:04:31,888 - INFO - removed animal PH22537 from group 2
2018-12-10 03:04:31,889 - INFO - assigned animal PH22537 to group 1
2018-12-10 03:04:31,889 - INFO - removed animal PH22537 from group 1
2018-12-10 03:04:31,890 - INFO - assigned animal PH22537 to group 2
2018-12-10 03:04:31,890 - INFO - 
2018-12-10 03:04:31,890 - INFO - removed animal PH22549 from group 2
2018-12-10 03:04:31,890 - INFO - assigned animal PH22549 to group 1
2018-12-10 03:04:31,892 - INFO - removed animal PH22549 from group 1
2018-12-10 03:04:31,893 - INFO - assigned animal PH22549 to group 2
2018-12-10 03:04:31,893 - INFO - 
2018-12-10 03:04:31,893 - INFO - removed animal PH22561 from group 2
2018-12-10 03:04:31,894 - INFO - assigned animal PH22561 to group 1
2018-12-10 03:04:31,894 - INFO - removed animal PH22561 from group 1
2018-12-10 03:04:31,895 - INFO - assigned animal PH22561 to group 2
2018-12-10 03:04:31,895 - INFO - 
2018-12-10 03:04:31,896 - INFO - removed animal PH22553 from group 2
2018-12-10 03:04:31,896 - INFO - assigned animal PH22553 to group 1
2018-12-10 03:04:31,897 - INFO - removed animal PH22553 from group 1
2018-12-10 03:04:31,898 - INFO - assigned animal PH22553 to group 2
2018-12-10 03:04:31,898 - INFO - 
2018-12-10 03:04:31,898 - INFO - removed animal PH22558 from group 2
2018-12-10 03:04:31,899 - INFO - assigned animal PH22558 to group 1
2018-12-10 03:04:31,900 - INFO - removed animal PH22558 from group 1
2018-12-10 03:04:31,900 - INFO - assigned animal PH22558 to group 2
2018-12-10 03:04:31,900 - INFO - 
2018-12-10 03:04:31,900 - INFO - removed animal PH22549 from group 2
2018-12-10 03:04:31,901 - INFO - assigned animal PH22549 to group 1
2018-12-10 03:04:31,901 - INFO - removed animal PH22549 from group 1
2018-12-10 03:04:31,902 - INFO - assigned animal PH22549 to group 2
2018-12-10 03:04:31,902 - INFO - 
2018-12-10 03:04:31,902 - INFO - removed animal PH22553 from group 2
2018-12-10 03:04:31,903 - INFO - assigned animal PH22553 to group 1
2018-12-10 03:04:31,903 - INFO - removed animal PH22553 from group 1
2018-12-10 03:04:31,904 - INFO - assigned animal PH22553 to group 2
2018-12-10 03:04:31,904 - INFO - 
2018-12-10 03:04:31,904 - INFO - removed animal PH22549 from group 2
2018-12-10 03:04:31,905 - INFO - assigned animal PH22549 to group 1
2018-12-10 03:04:31,906 - INFO - removed animal PH22549 from group 1
2018-12-10 03:04:31,907 - INFO - assigned animal PH22549 to group 2
2018-12-10 03:04:31,908 - INFO - 
2018-12-10 03:04:31,908 - INFO - removed animal PH22549 from group 2
2018-12-10 03:04:31,908 - INFO - assigned animal PH22549 to group 1
2018-12-10 03:04:31,909 - INFO - removed animal PH22549 from group 1
2018-12-10 03:04:31,909 - INFO - assigned animal PH22549 to group 2
2018-12-10 03:04:31,909 - INFO - 
2018-12-10 03:04:31,910 - INFO - best animal to switch is: PH22561 with new mean p = 0.846025
2018-12-10 03:04:31,910 - INFO - removed animal PH22561 from group 2
2018-12-10 03:04:31,910 - INFO - assigned animal PH22561 to group 1
2018-12-10 03:04:31,910 - INFO - 
2018-12-10 03:04:31,911 - INFO - 
2018-12-10 03:04:31,911 - INFO - Group ID: 1
2018-12-10 03:04:31,911 - INFO - Group size: 14
2018-12-10 03:04:31,911 - INFO - 
2018-12-10 03:04:31,911 - INFO - Group ID: 2
2018-12-10 03:04:31,911 - INFO - Group size: 17
2018-12-10 03:04:31,911 - INFO - Group sizes are not balanced!
2018-12-10 03:04:31,911 - INFO - checking for best animal to reassign
2018-12-10 03:04:31,911 - INFO - 
2018-12-10 03:04:31,912 - INFO - removed animal PH22540 from group 2
2018-12-10 03:04:31,912 - INFO - assigned animal PH22540 to group 1
2018-12-10 03:04:31,912 - INFO - removed animal PH22540 from group 1
2018-12-10 03:04:31,913 - INFO - assigned animal PH22540 to group 2
2018-12-10 03:04:31,914 - INFO - 
2018-12-10 03:04:31,914 - INFO - removed animal PH22542 from group 2
2018-12-10 03:04:31,915 - INFO - assigned animal PH22542 to group 1
2018-12-10 03:04:31,915 - INFO - removed animal PH22542 from group 1
2018-12-10 03:04:31,916 - INFO - assigned animal PH22542 to group 2
2018-12-10 03:04:31,916 - INFO - 
2018-12-10 03:04:31,916 - INFO - removed animal PH22543 from group 2
2018-12-10 03:04:31,917 - INFO - assigned animal PH22543 to group 1
2018-12-10 03:04:31,918 - INFO - removed animal PH22543 from group 1
2018-12-10 03:04:31,919 - INFO - assigned animal PH22543 to group 2
2018-12-10 03:04:31,919 - INFO - 
2018-12-10 03:04:31,919 - INFO - removed animal PH22559 from group 2
2018-12-10 03:04:31,920 - INFO - assigned animal PH22559 to group 1
2018-12-10 03:04:31,921 - INFO - removed animal PH22559 from group 1
2018-12-10 03:04:31,922 - INFO - assigned animal PH22559 to group 2
2018-12-10 03:04:31,922 - INFO - 
2018-12-10 03:04:31,922 - INFO - removed animal PH22533 from group 2
2018-12-10 03:04:31,923 - INFO - assigned animal PH22533 to group 1
2018-12-10 03:04:31,924 - INFO - removed animal PH22533 from group 1
2018-12-10 03:04:31,924 - INFO - assigned animal PH22533 to group 2
2018-12-10 03:04:31,926 - INFO - 
2018-12-10 03:04:31,926 - INFO - removed animal PH22557 from group 2
2018-12-10 03:04:31,926 - INFO - assigned animal PH22557 to group 1
2018-12-10 03:04:31,927 - INFO - removed animal PH22557 from group 1
2018-12-10 03:04:31,928 - INFO - assigned animal PH22557 to group 2
2018-12-10 03:04:31,928 - INFO - 
2018-12-10 03:04:31,929 - INFO - removed animal PH22538 from group 2
2018-12-10 03:04:31,930 - INFO - assigned animal PH22538 to group 1
2018-12-10 03:04:31,931 - INFO - removed animal PH22538 from group 1
2018-12-10 03:04:31,931 - INFO - assigned animal PH22538 to group 2
2018-12-10 03:04:31,932 - INFO - 
2018-12-10 03:04:31,932 - INFO - removed animal PH22558 from group 2
2018-12-10 03:04:31,933 - INFO - assigned animal PH22558 to group 1
2018-12-10 03:04:31,934 - INFO - removed animal PH22558 from group 1
2018-12-10 03:04:31,935 - INFO - assigned animal PH22558 to group 2
2018-12-10 03:04:31,935 - INFO - 
2018-12-10 03:04:31,935 - INFO - removed animal PH22549 from group 2
2018-12-10 03:04:31,935 - INFO - assigned animal PH22549 to group 1
2018-12-10 03:04:31,936 - INFO - removed animal PH22549 from group 1
2018-12-10 03:04:31,937 - INFO - assigned animal PH22549 to group 2
2018-12-10 03:04:31,938 - INFO - 
2018-12-10 03:04:31,938 - INFO - removed animal PH22542 from group 2
2018-12-10 03:04:31,938 - INFO - assigned animal PH22542 to group 1
2018-12-10 03:04:31,939 - INFO - removed animal PH22542 from group 1
2018-12-10 03:04:31,940 - INFO - assigned animal PH22542 to group 2
2018-12-10 03:04:31,940 - INFO - 
2018-12-10 03:04:31,940 - INFO - removed animal PH22559 from group 2
2018-12-10 03:04:31,941 - INFO - assigned animal PH22559 to group 1
2018-12-10 03:04:31,942 - INFO - removed animal PH22559 from group 1
2018-12-10 03:04:31,942 - INFO - assigned animal PH22559 to group 2
2018-12-10 03:04:31,942 - INFO - 
2018-12-10 03:04:31,942 - INFO - removed animal PH22557 from group 2
2018-12-10 03:04:31,943 - INFO - assigned animal PH22557 to group 1
2018-12-10 03:04:31,944 - INFO - removed animal PH22557 from group 1
2018-12-10 03:04:31,945 - INFO - assigned animal PH22557 to group 2
2018-12-10 03:04:31,945 - INFO - 
2018-12-10 03:04:31,945 - INFO - removed animal PH22558 from group 2
2018-12-10 03:04:31,946 - INFO - assigned animal PH22558 to group 1
2018-12-10 03:04:31,948 - INFO - removed animal PH22558 from group 1
2018-12-10 03:04:31,949 - INFO - assigned animal PH22558 to group 2
2018-12-10 03:04:31,949 - INFO - 
2018-12-10 03:04:31,949 - INFO - removed animal PH22542 from group 2
2018-12-10 03:04:31,950 - INFO - assigned animal PH22542 to group 1
2018-12-10 03:04:31,951 - INFO - removed animal PH22542 from group 1
2018-12-10 03:04:31,951 - INFO - assigned animal PH22542 to group 2
2018-12-10 03:04:31,951 - INFO - 
2018-12-10 03:04:31,953 - INFO - removed animal PH22557 from group 2
2018-12-10 03:04:31,954 - INFO - assigned animal PH22557 to group 1
2018-12-10 03:04:31,954 - INFO - removed animal PH22557 from group 1
2018-12-10 03:04:31,955 - INFO - assigned animal PH22557 to group 2
2018-12-10 03:04:31,955 - INFO - 
2018-12-10 03:04:31,955 - INFO - removed animal PH22542 from group 2
2018-12-10 03:04:31,956 - INFO - assigned animal PH22542 to group 1
2018-12-10 03:04:31,957 - INFO - removed animal PH22542 from group 1
2018-12-10 03:04:31,958 - INFO - assigned animal PH22542 to group 2
2018-12-10 03:04:31,958 - INFO - 
2018-12-10 03:04:31,958 - INFO - removed animal PH22542 from group 2
2018-12-10 03:04:31,959 - INFO - assigned animal PH22542 to group 1
2018-12-10 03:04:31,960 - INFO - removed animal PH22542 from group 1
2018-12-10 03:04:31,961 - INFO - assigned animal PH22542 to group 2
2018-12-10 03:04:31,961 - INFO - 
2018-12-10 03:04:31,961 - INFO - best animal to switch is: PH22559 with new mean p = 0.802947
2018-12-10 03:04:31,961 - INFO - removed animal PH22559 from group 2
2018-12-10 03:04:31,962 - INFO - assigned animal PH22559 to group 1
2018-12-10 03:04:31,962 - INFO - 
2018-12-10 03:04:31,962 - INFO - 
2018-12-10 03:04:31,962 - INFO - Group ID: 1
2018-12-10 03:04:31,962 - INFO - Group size: 15
2018-12-10 03:04:31,963 - INFO - 
2018-12-10 03:04:31,963 - INFO - Group ID: 2
2018-12-10 03:04:31,963 - INFO - Group size: 16
2018-12-10 03:04:31,963 - INFO - 
2018-12-10 03:04:31,963 - INFO - Group sizes are balanced!
2018-12-10 03:04:31,964 - INFO -      Group 1 contains 15 animals
2018-12-10 03:04:31,966 - INFO - mean feature difference between group 1 and 2: 0.803
2018-12-10 03:04:31,966 - INFO -      Group 2 contains 16 animals
2018-12-10 03:04:31,968 - INFO - mean feature difference between group 2 and 1: 0.803
2018-12-10 03:04:31,968 - INFO - Equalizing group size complete!
2018-12-10 03:04:31,968 - INFO - 
2018-12-10 03:04:31,968 - INFO - Creating output!
2018-12-10 03:04:32,966 - INFO - output created!
2018-12-10 03:04:32,966 - INFO - 
2018-12-10 03:04:32,966 - INFO - Plotting results
2018-12-10 03:04:33,399 - INFO - saving plot as C:/Users/huebo/Blindr/input/example_data_blinded/10-12-18_03-04-31/grouped_example_data.png
2018-12-10 03:04:33,413 - INFO - 
2018-12-10 03:04:33,420 - INFO - Blinding output
2018-12-10 03:04:33,426 - INFO - output blinded!
2018-12-10 03:04:33,426 - INFO - 
2018-12-10 03:04:33,427 - INFO - saving data as C:/Users/huebo/Blindr/input/example_data_blinded/10-12-18_03-04-31/blinded_example_data.xlsx
2018-12-10 03:04:33,491 - INFO - saving succuessful!
2018-12-10 03:04:33,828 - INFO - Exiting script...
