2018-12-10 02:54:11,777 - INFO - Starting script...
2018-12-10 02:54:11,778 - INFO - Loading data from C:/Users/huebo/Blindr/input/example_data.xlsx
2018-12-10 02:54:11,976 - INFO - Loading succuessful!
2018-12-10 02:54:11,976 - INFO - 
2018-12-10 02:54:11,976 - INFO - Preprocessing data
2018-12-10 02:54:11,976 - INFO - 
 Found features:
2018-12-10 02:54:11,976 - INFO -      Numerical feature: Weight
2018-12-10 02:54:11,976 - INFO -      Numerical feature: Activity
2018-12-10 02:54:11,976 - INFO -      Numerical feature: Signal strength
2018-12-10 02:54:11,976 - INFO -      Categorical feature: Actogram
2018-12-10 02:54:11,976 - INFO -          Unique values: 3
2018-12-10 02:54:11,976 - INFO - OK              26
Low activity     3
High             2
Name: Actogram, dtype: int64
2018-12-10 02:54:11,992 - INFO - Numerizing category: OK
2018-12-10 02:54:11,992 - INFO - Numerizing category: Low activity
2018-12-10 02:54:11,992 - INFO - Numerizing category: High
2018-12-10 02:54:11,992 - INFO - Preprocessing complete
2018-12-10 02:54:11,992 - INFO - 
2018-12-10 02:54:11,992 - INFO - Plotting data
2018-12-10 02:54:12,581 - INFO - saving plot as C:/Users/huebo/Blindr/input/example_data_blinded/10-12-18_02-54-11/example_data_features.png
2018-12-10 02:54:12,581 - INFO - 
2018-12-10 02:54:12,581 - INFO - Standardscaling data
2018-12-10 02:54:12,581 - INFO - standard scaling (1 of 6): Weight
2018-12-10 02:54:12,581 - INFO - standard scaling (2 of 6): Activity
2018-12-10 02:54:12,581 - INFO - standard scaling (3 of 6): Signal strength
2018-12-10 02:54:12,581 - INFO - standard scaling (4 of 6): OK
2018-12-10 02:54:12,581 - INFO - standard scaling (5 of 6): Low activity
2018-12-10 02:54:12,581 - INFO - standard scaling (6 of 6): High
2018-12-10 02:54:12,581 - INFO - Standardscaling complete!
2018-12-10 02:54:12,581 - INFO - 
2018-12-10 02:54:12,581 - INFO - Creating animals
2018-12-10 02:54:12,581 - INFO - created animal with ID: PH22531
2018-12-10 02:54:12,581 - INFO - created animal with ID: PH22532
2018-12-10 02:54:12,581 - INFO - created animal with ID: PH22533
2018-12-10 02:54:12,581 - INFO - created animal with ID: PH22534
2018-12-10 02:54:12,581 - INFO - created animal with ID: PH22535
2018-12-10 02:54:12,581 - INFO - created animal with ID: PH22536
2018-12-10 02:54:12,581 - INFO - created animal with ID: PH22537
2018-12-10 02:54:12,597 - INFO - created animal with ID: PH22538
2018-12-10 02:54:12,598 - INFO - created animal with ID: PH22539
2018-12-10 02:54:12,599 - INFO - created animal with ID: PH22540
2018-12-10 02:54:12,599 - INFO - created animal with ID: PH22541
2018-12-10 02:54:12,599 - INFO - created animal with ID: PH22542
2018-12-10 02:54:12,599 - INFO - created animal with ID: PH22543
2018-12-10 02:54:12,599 - INFO - created animal with ID: PH22544
2018-12-10 02:54:12,599 - INFO - created animal with ID: PH22545
2018-12-10 02:54:12,599 - INFO - created animal with ID: PH22546
2018-12-10 02:54:12,599 - INFO - created animal with ID: PH22547
2018-12-10 02:54:12,599 - INFO - created animal with ID: PH22548
2018-12-10 02:54:12,599 - INFO - created animal with ID: PH22549
2018-12-10 02:54:12,599 - INFO - created animal with ID: PH22550
2018-12-10 02:54:12,599 - INFO - created animal with ID: PH22551
2018-12-10 02:54:12,599 - INFO - created animal with ID: PH22552
2018-12-10 02:54:12,599 - INFO - created animal with ID: PH22553
2018-12-10 02:54:12,599 - INFO - created animal with ID: PH22554
2018-12-10 02:54:12,599 - INFO - created animal with ID: PH22555
2018-12-10 02:54:12,599 - INFO - created animal with ID: PH22556
2018-12-10 02:54:12,599 - INFO - created animal with ID: PH22557
2018-12-10 02:54:12,599 - INFO - created animal with ID: PH22558
2018-12-10 02:54:12,599 - INFO - created animal with ID: PH22559
2018-12-10 02:54:12,599 - INFO - created animal with ID: PH22560
2018-12-10 02:54:12,615 - INFO - created animal with ID: PH22561
2018-12-10 02:54:12,615 - INFO - Created 31 animals
2018-12-10 02:54:12,615 - INFO - 
2018-12-10 02:54:12,615 - INFO - Creating groups
2018-12-10 02:54:12,615 - INFO - created group with ID: 1
2018-12-10 02:54:12,615 - INFO - created group with ID: 2
2018-12-10 02:54:12,615 - INFO - created group with ID: 3
2018-12-10 02:54:12,615 - INFO - created group with ID: 4
2018-12-10 02:54:12,615 - INFO - created group with ID: 5
2018-12-10 02:54:12,615 - INFO - Created 5 groups
2018-12-10 02:54:12,615 - INFO - 
2018-12-10 02:54:12,615 - INFO - Assigning animals to groups
2018-12-10 02:54:12,615 - INFO - assigned animal PH22545 to group 1
2018-12-10 02:54:12,615 - INFO - assigned animal PH22541 to group 1
2018-12-10 02:54:12,615 - INFO - assigned animal PH22560 to group 1
2018-12-10 02:54:12,615 - INFO - assigned animal PH22543 to group 2
2018-12-10 02:54:12,615 - INFO - assigned animal PH22537 to group 2
2018-12-10 02:54:12,615 - INFO - assigned animal PH22538 to group 2
2018-12-10 02:54:12,630 - INFO - assigned animal PH22546 to group 3
2018-12-10 02:54:12,631 - INFO - assigned animal PH22539 to group 3
2018-12-10 02:54:12,631 - INFO - assigned animal PH22556 to group 1
2018-12-10 02:54:12,631 - INFO - assigned animal PH22540 to group 2
2018-12-10 02:54:12,631 - INFO - assigned animal PH22533 to group 3
2018-12-10 02:54:12,631 - INFO - assigned animal PH22550 to group 1
2018-12-10 02:54:12,631 - INFO - assigned animal PH22549 to group 2
2018-12-10 02:54:12,631 - INFO - assigned animal PH22551 to group 1
2018-12-10 02:54:12,631 - INFO - assigned animal PH22555 to group 3
2018-12-10 02:54:12,631 - INFO - assigned animal PH22554 to group 2
2018-12-10 02:54:12,631 - INFO - assigned animal PH22552 to group 1
2018-12-10 02:54:12,647 - INFO - assigned animal PH22536 to group 1
2018-12-10 02:54:12,649 - INFO - assigned animal PH22534 to group 2
2018-12-10 02:54:12,651 - INFO - assigned animal PH22542 to group 3
2018-12-10 02:54:12,651 - INFO - assigned animal PH22553 to group 2
2018-12-10 02:54:12,653 - INFO - assigned animal PH22548 to group 1
2018-12-10 02:54:12,655 - INFO - assigned animal PH22532 to group 3
2018-12-10 02:54:12,655 - INFO - assigned animal PH22557 to group 2
2018-12-10 02:54:12,657 - INFO - assigned animal PH22558 to group 2
2018-12-10 02:54:12,658 - INFO - assigned animal PH22535 to group 3
2018-12-10 02:54:12,658 - INFO - assigned animal PH22559 to group 1
2018-12-10 02:54:12,658 - INFO - assigned animal PH22531 to group 2
2018-12-10 02:54:12,658 - INFO - assigned animal PH22547 to group 1
2018-12-10 02:54:12,658 - INFO - assigned animal PH22561 to group 2
2018-12-10 02:54:12,658 - INFO - assigned animal PH22544 to group 1
2018-12-10 02:54:12,658 - INFO - Initial assignment complete!
2018-12-10 02:54:12,658 - INFO - 
2018-12-10 02:54:12,658 - INFO - Equalizing group sizes
2018-12-10 02:54:12,658 - INFO - 
2018-12-10 02:54:12,658 - INFO - Group ID: 1
2018-12-10 02:54:12,658 - INFO - Group size: 12
2018-12-10 02:54:12,658 - INFO - mean feature difference between group 1 and 2: 0.959
2018-12-10 02:54:12,658 - INFO - mean feature difference between group 1 and 3: 0.776
2018-12-10 02:54:12,658 - INFO - mean feature difference between group 1 and 4: nan
2018-12-10 02:54:12,658 - INFO - mean feature difference between group 1 and 5: nan
2018-12-10 02:54:12,658 - INFO - 
2018-12-10 02:54:12,658 - INFO - Group ID: 2
2018-12-10 02:54:12,658 - INFO - Group size: 12
2018-12-10 02:54:12,658 - INFO - mean feature difference between group 2 and 1: 0.959
2018-12-10 02:54:12,658 - INFO - mean feature difference between group 2 and 3: 0.786
2018-12-10 02:54:12,658 - INFO - mean feature difference between group 2 and 4: nan
2018-12-10 02:54:12,658 - INFO - mean feature difference between group 2 and 5: nan
2018-12-10 02:54:12,658 - INFO - 
2018-12-10 02:54:12,658 - INFO - Group ID: 3
2018-12-10 02:54:12,658 - INFO - Group size: 7
2018-12-10 02:54:12,658 - INFO - mean feature difference between group 3 and 1: 0.776
2018-12-10 02:54:12,658 - INFO - mean feature difference between group 3 and 2: 0.786
2018-12-10 02:54:12,658 - INFO - mean feature difference between group 3 and 4: nan
2018-12-10 02:54:12,658 - INFO - mean feature difference between group 3 and 5: nan
2018-12-10 02:54:12,658 - INFO - 
2018-12-10 02:54:12,658 - INFO - Group ID: 4
2018-12-10 02:54:12,658 - INFO - Group size: 0
2018-12-10 02:54:12,658 - INFO - mean feature difference between group 4 and 1: nan
2018-12-10 02:54:12,658 - INFO - mean feature difference between group 4 and 2: nan
2018-12-10 02:54:12,658 - INFO - mean feature difference between group 4 and 3: nan
2018-12-10 02:54:12,658 - INFO - mean feature difference between group 4 and 5: nan
2018-12-10 02:54:12,658 - INFO - 
2018-12-10 02:54:12,658 - INFO - Group ID: 5
2018-12-10 02:54:12,658 - INFO - Group size: 0
2018-12-10 02:54:12,658 - INFO - mean feature difference between group 5 and 1: nan
2018-12-10 02:54:12,658 - INFO - mean feature difference between group 5 and 2: nan
2018-12-10 02:54:12,658 - INFO - mean feature difference between group 5 and 3: nan
2018-12-10 02:54:12,658 - INFO - mean feature difference between group 5 and 4: nan
2018-12-10 02:54:12,658 - INFO - mean difference: nan
2018-12-10 02:54:12,658 - INFO - largest group: 1
2018-12-10 02:54:12,658 - INFO - smallest group 4:
2018-12-10 02:54:12,658 - INFO - Group sizes are not balanced!
2018-12-10 02:54:12,658 - INFO - checking for best animal to reassign
2018-12-10 02:54:12,658 - INFO - 
2018-12-10 02:54:12,658 - INFO - removed animal PH22545 from group 1
2018-12-10 02:54:12,658 - INFO - assigned animal PH22545 to group 4
2018-12-10 02:54:12,658 - INFO - removed animal PH22545 from group 4
2018-12-10 02:54:12,658 - INFO - assigned animal PH22545 to group 1
2018-12-10 02:54:12,658 - INFO - 
2018-12-10 02:54:12,658 - INFO - removed animal PH22560 from group 1
2018-12-10 02:54:12,658 - INFO - assigned animal PH22560 to group 4
2018-12-10 02:54:12,658 - INFO - removed animal PH22560 from group 4
2018-12-10 02:54:12,658 - INFO - assigned animal PH22560 to group 1
2018-12-10 02:54:12,658 - INFO - 
2018-12-10 02:54:12,658 - INFO - removed animal PH22550 from group 1
2018-12-10 02:54:12,658 - INFO - assigned animal PH22550 to group 4
2018-12-10 02:54:12,658 - INFO - removed animal PH22550 from group 4
2018-12-10 02:54:12,658 - INFO - assigned animal PH22550 to group 1
2018-12-10 02:54:12,658 - INFO - 
2018-12-10 02:54:12,658 - INFO - removed animal PH22552 from group 1
2018-12-10 02:54:12,658 - INFO - assigned animal PH22552 to group 4
2018-12-10 02:54:12,658 - INFO - removed animal PH22552 from group 4
2018-12-10 02:54:12,658 - INFO - assigned animal PH22552 to group 1
2018-12-10 02:54:12,673 - INFO - 
2018-12-10 02:54:12,673 - INFO - removed animal PH22548 from group 1
2018-12-10 02:54:12,673 - INFO - assigned animal PH22548 to group 4
2018-12-10 02:54:12,673 - INFO - removed animal PH22548 from group 4
2018-12-10 02:54:12,673 - INFO - assigned animal PH22548 to group 1
2018-12-10 02:54:12,673 - INFO - 
2018-12-10 02:54:12,673 - INFO - removed animal PH22547 from group 1
2018-12-10 02:54:12,673 - INFO - assigned animal PH22547 to group 4
2018-12-10 02:54:12,673 - INFO - removed animal PH22547 from group 4
2018-12-10 02:54:12,673 - INFO - assigned animal PH22547 to group 1
2018-12-10 02:54:12,673 - INFO - 
2018-12-10 02:54:12,673 - INFO - removed animal PH22545 from group 1
2018-12-10 02:54:12,673 - INFO - assigned animal PH22545 to group 4
2018-12-10 02:54:12,673 - INFO - removed animal PH22545 from group 4
2018-12-10 02:54:12,673 - INFO - assigned animal PH22545 to group 1
2018-12-10 02:54:12,673 - INFO - 
2018-12-10 02:54:12,673 - INFO - removed animal PH22550 from group 1
2018-12-10 02:54:12,673 - INFO - assigned animal PH22550 to group 4
2018-12-10 02:54:12,673 - INFO - removed animal PH22550 from group 4
2018-12-10 02:54:12,673 - INFO - assigned animal PH22550 to group 1
2018-12-10 02:54:12,673 - INFO - 
2018-12-10 02:54:12,673 - INFO - removed animal PH22548 from group 1
2018-12-10 02:54:12,673 - INFO - assigned animal PH22548 to group 4
2018-12-10 02:54:12,673 - INFO - removed animal PH22548 from group 4
2018-12-10 02:54:12,673 - INFO - assigned animal PH22548 to group 1
2018-12-10 02:54:12,673 - INFO - 
2018-12-10 02:54:12,673 - INFO - removed animal PH22545 from group 1
2018-12-10 02:54:12,673 - INFO - assigned animal PH22545 to group 4
2018-12-10 02:54:12,673 - INFO - removed animal PH22545 from group 4
2018-12-10 02:54:12,673 - INFO - assigned animal PH22545 to group 1
2018-12-10 02:54:12,673 - INFO - 
2018-12-10 02:54:12,673 - INFO - removed animal PH22548 from group 1
2018-12-10 02:54:12,673 - INFO - assigned animal PH22548 to group 4
2018-12-10 02:54:12,673 - INFO - removed animal PH22548 from group 4
2018-12-10 02:54:12,673 - INFO - assigned animal PH22548 to group 1
2018-12-10 02:54:12,673 - INFO - 
2018-12-10 02:54:12,673 - INFO - removed animal PH22548 from group 1
2018-12-10 02:54:12,673 - INFO - assigned animal PH22548 to group 4
2018-12-10 02:54:12,673 - INFO - removed animal PH22548 from group 4
2018-12-10 02:54:12,673 - INFO - assigned animal PH22548 to group 1
2018-12-10 02:54:12,673 - INFO - 
